PrimeNG Changes for p-menuitem-text (v17-v19)
============================

-------------------
Commit: 390f781ef
Date: 2024-11-20 13:15:31 +0000
Message: Remove tests

Class Changes:
File: /dev/null

Removed: const tv1FirstItemLabelEl = submenuEl[0].query(By.css('.p-menuitem-text')).nativeElement;

Removed: expect(menuItem.query(By.css('.p-menuitem-text')).nativeElement.textContent).toEqual('New');

Removed: expect(parentMenu.query(By.css('.p-menuitem-text')).nativeElement.textContent).toEqual(menubar.model[i].label);

Removed: expect(activeEl.query(By.css('.p-menuitem-text')).nativeElement.textContent).toEqual(panelmenu.model[x].label);

Removed: expect(activeEls[0].query(By.css('.p-menuitem-text')).nativeElement.textContent).toEqual(panelmenu.model[1].label);

Removed: expect(itemList.query(By.css('.p-menuitem-text'))).toBeTruthy();

-------------------
Commit: e4e6219d7
Date: 2024-11-08 10:30:42 +0000
Message: init

Class Changes:
File: packages/primeng/src/tabmenu/tabmenu.ts

Removed: <span class="p-menuitem-text" *ngIf="item.escape !== false; else htmlLabel">{{

Removed: ><span class="p-menuitem-text" [innerHTML]="getItemProp(item, 'label')"></span
Added:   <span class="p-menuitem-text" *ngIf="item.escape !== false; else htmlLabel">{{ getItemProp(item, 'label') }}</span>

Added:   <ng-template #htmlLabel><span class="p-menuitem-text" [innerHTML]="getItemProp(item, 'label')"></span></ng-template>

Removed: <span class="p-menuitem-text" *ngIf="item.escape !== false; else htmlRouteLabel">{{
Added:   <span class="p-menuitem-text" *ngIf="item.escape !== false; else htmlRouteLabel">{{ getItemProp(item, 'label') }}</span>

Added:   <ng-template #htmlRouteLabel><span class="p-menuitem-text" [innerHTML]="getItemProp(item, 'label')"></span></ng-template>

-------------------
Commit: dd9d186fe
Date: 2024-09-26 14:34:57 +0300
Message: Deprecate tabmenu & remove tabmenu docs. Fixes #16441

Class Changes:
File: /dev/null

Removed: <td>p-menuitem-text</td>

-------------------
Commit: cb19d3113
Date: 2024-09-01 01:16:00 +0300
Message: Code refactor, remove p-element class

Class Changes:
File: src/app/components/tabmenu/tabmenu.ts

Removed: <span class="p-menuitem-text" *ngIf="item.escape !== false; else htmlLabel">{{ getItemProp(item, 'label') }}</span>

Removed: <ng-template #htmlLabel><span class="p-menuitem-text" [innerHTML]="getItemProp(item, 'label')"></span></ng-template>
Added:   <span class="p-menuitem-text" *ngIf="item.escape !== false; else htmlLabel">{{

Added:   ><span class="p-menuitem-text" [innerHTML]="getItemProp(item, 'label')"></span

Removed: <span class="p-menuitem-text" *ngIf="item.escape !== false; else htmlRouteLabel">{{ getItemProp(item, 'label') }}</span>

Removed: <ng-template #htmlRouteLabel><span class="p-menuitem-text" [innerHTML]="getItemProp(item, 'label')"></span></ng-template>
Added:   <span class="p-menuitem-text" *ngIf="item.escape !== false; else htmlRouteLabel">{{

-------------------
Commit: f6fd1a56d
Date: 2024-07-31 11:29:34 +0300
Message: Theming | Add contextmenu

Class Changes:
File: src/app/components/contextmenu/contextmenu.ts

Removed: <span *ngIf="getItemProp(processedItem, 'escape'); else htmlLabel" class="p-menuitem-text" [attr.data-pc-section]="'label'">

Removed: <span class="p-menuitem-text" [innerHTML]="getItemLabel(processedItem)" [attr.data-pc-section]="'label'"></span>

-------------------
Commit: c9e61f303
Date: 2024-07-23 11:30:10 +0300
Message: remove tieredmenu.css

Class Changes:
File: /dev/null

Removed: .p-tieredmenu .p-menuitem-text {

-------------------
Commit: 6f5138116
Date: 2024-07-23 11:29:33 +0300
Message: Theming | MegaMenu

Class Changes:
File: /dev/null

Removed: .p-megamenu .p-menuitem-text {

Removed: <span *ngIf="getItemProp(processedItem, 'escape'); else htmlLabel" class="p-menuitem-text" [attr.data-pc-section]="'label'">

Removed: <span class="p-menuitem-text" [innerHTML]="getItemLabel(processedItem)" [attr.data-pc-section]="'label'"></span>

Removed: <span class="p-menuitem-text" *ngIf="getItemProp(processedItem, 'escape'); else htmlRouteLabel">{{ getItemLabel(processedItem) }}</span>

Removed: <ng-template #htmlRouteLabel><span class="p-menuitem-text" [innerHTML]="getItemLabel(processedItem)" [attr.data-pc-section]="'label'"></span></ng-template>

-------------------
Commit: 1b44914e5
Date: 2024-07-23 11:04:07 +0300
Message: Theming | TieredMenu

Class Changes:
File: src/app/components/tieredmenu/tieredmenu.ts

Removed: <span *ngIf="getItemProp(processedItem, 'escape'); else htmlLabel" class="p-menuitem-text" [attr.data-pc-section]="'label'">

Removed: <span class="p-menuitem-text" [innerHTML]="getItemLabel(processedItem)" [attr.data-pc-section]="'label'"></span>

-------------------
Commit: b891fd348
Date: 2024-07-22 17:20:50 +0300
Message: Theming | PanelMenu

Class Changes:
File: /dev/null

Removed: .p-panelmenu .p-menuitem-text {

Removed: <span class="p-menuitem-text" *ngIf="processedItem.item?.escape !== false; else htmlLabel">{{ getItemProp(processedItem, 'label') }}</span>

Removed: <ng-template #htmlLabel><span class="p-menuitem-text" [innerHTML]="getItemProp(processedItem, 'label')"></span></ng-template>

Removed: <span class="p-menuitem-text" *ngIf="getItemProp(processedItem, 'escape') !== false; else htmlRouteLabel">{{ getItemProp(processedItem, 'label') }}</span>

Removed: <ng-template #htmlRouteLabel><span class="p-menuitem-text" [innerHTML]="getItemProp(processedItem, 'label')"></span></ng-template>

Removed: <span class="p-menuitem-text" *ngIf="getItemProp(item, 'escape') !== false; else htmlLabel">{{ getItemProp(item, 'label') }}</span>

Removed: <ng-template #htmlLabel><span class="p-menuitem-text" [innerHTML]="getItemProp(item, 'label')"></span></ng-template>

Removed: <span class="p-menuitem-text" *ngIf="getItemProp(item, 'escape') !== false; else htmlRouteLabel">{{ getItemProp(item, 'label') }}</span>

Removed: <ng-template #htmlRouteLabel><span class="p-menuitem-text" [innerHTML]="getItemProp(item, 'label')"></span></ng-template>

-------------------
Commit: c953a33c1
Date: 2024-07-22 14:12:31 +0300
Message: Theming | Menubar

Class Changes:
File: /dev/null

Removed: .p-menubar .p-menuitem-text {

Removed: <span *ngIf="getItemProp(processedItem, 'escape'); else htmlLabel" class="p-menuitem-text" [attr.data-pc-section]="'label'" [id]="getItemLabelId(processedItem)">

Removed: <span class="p-menuitem-text" [innerHTML]="getItemLabel(processedItem)" [attr.data-pc-section]="'label'" [id]="getItemLabelId(processedItem)"></span>

Removed: <span class="p-menuitem-text" *ngIf="getItemProp(processedItem, 'escape'); else htmlRouteLabel">{{ getItemLabel(processedItem) }}</span>

Removed: <ng-template #htmlRouteLabel><span class="p-menuitem-text" [innerHTML]="getItemLabel(processedItem)" [attr.data-pc-section]="'label'"></span></ng-template>

-------------------
Commit: 6c794b160
Date: 2024-07-22 12:38:20 +0300
Message: Theming | Add Menu

Class Changes:
File: /dev/null

Removed: .p-menu .p-menuitem-text {

Removed: <span class="p-menuitem-text" *ngIf="item.escape !== false; else htmlLabel">{{ item.label }}</span>

Removed: <ng-template #htmlLabel><span class="p-menuitem-text" [innerHTML]="item.label | safeHtml"></span></ng-template>

-------------------
Commit: c83215a33
Date: 2024-07-22 11:24:57 +0300
Message: remove breadcrumb.css

Class Changes:
File: /dev/null

Removed: .p-breadcrumb .p-menuitem-text {

-------------------
Commit: b839ddb41
Date: 2024-07-22 11:14:36 +0300
Message: Theming | Breadcrumb

Class Changes:
File: src/app/components/breadcrumb/breadcrumb.ts

Removed: <span *ngIf="home.escape !== false; else htmlHomeLabel" class="p-menuitem-text">{{ home.label }}</span>

Removed: <ng-template #htmlHomeLabel><span class="p-menuitem-text" [innerHTML]="home.label"></span></ng-template>

Removed: <span *ngIf="home.escape !== false; else htmlHomeRouteLabel" class="p-menuitem-text">{{ home.label }}</span>

Removed: <ng-template #htmlHomeRouteLabel><span class="p-menuitem-text" [innerHTML]="home.label"></span></ng-template>

Removed: <span *ngIf="item.escape !== false; else htmlLabel" class="p-menuitem-text">{{ item.label }}</span>

Removed: <ng-template #htmlLabel><span class="p-menuitem-text" [innerHTML]="item.label"></span></ng-template>

Removed: <span *ngIf="item.escape !== false; else htmlRouteLabel" class="p-menuitem-text">{{ item.label }}</span>

Removed: <ng-template #htmlRouteLabel><span class="p-menuitem-text" [innerHTML]="item.label"></span></ng-template>

-------------------
Commit: 45f4fb68c
Date: 2024-07-17 17:07:04 +0300
Message: Remove SlideMenu, fixes #16044

Class Changes:
File: /dev/null

Removed: .p-slidemenu .p-menuitem-text {

Removed: expect(item.label).toEqual(itemsEl[i].query(By.css('.p-menuitem-text')).nativeElement.textContent);

Removed: if (child.label) expect(child.label).toEqual(itemsEl[i].query(By.css('.p-menuitem-text')).nativeElement.textContent);

Removed: expect(activeItem.query(By.css('.p-menuitem-text')).nativeElement.textContent).toEqual('File');

Removed: <span *ngIf="getItemProp(processedItem, 'escape'); else htmlLabel" class="p-menuitem-text" [attr.data-pc-section]="'label'">

Removed: <span class="p-menuitem-text" [innerHTML]="getItemLabel(processedItem)" [attr.data-pc-section]="'label'"></span>

-------------------
Commit: 9df3367a5
Date: 2024-05-03 16:42:45 +0300
Message: Code format
Version: (tag: 17.16.0)

Class Changes:
File: src/app/components/panelmenu/panelmenu.ts

Removed: <span class="p-menuitem-text" *ngIf="getItemProp(item, 'escape') !== false; else htmlLabel">{{ getItemProp(item, 'label') }}</span>

Removed: <ng-template #htmlLabel><span class="p-menuitem-text" [innerHTML]="getItemProp(item, 'label')"></span></ng-template>

-------------------
Commit: 75f48dc82
Date: 2024-03-13 15:36:21 +0300
Message: Fixed #14972 - MenuBar | Remove duplicate id

Class Changes:
File: src/app/components/menubar/menubar.ts

Removed: <span *ngIf="getItemProp(processedItem, 'escape'); else htmlLabel" class="p-menuitem-text" [attr.data-pc-section]="'label'">
Added:   <span *ngIf="getItemProp(processedItem, 'escape'); else htmlLabel" class="p-menuitem-text" [attr.data-pc-section]="'label'" [id]="getItemLabelId(processedItem)">

Removed: <span class="p-menuitem-text" [innerHTML]="getItemLabel(processedItem)" [attr.data-pc-section]="'label'"></span>
Added:   <span class="p-menuitem-text" [innerHTML]="getItemLabel(processedItem)" [attr.data-pc-section]="'label'" [id]="getItemLabelId(processedItem)"></span>

-------------------
Commit: 45f3cda1c
Date: 2023-10-09 14:00:34 +0300
Message: Fix #13830 SlideMenu: Deprecate from PrimeNG

Class Changes:
File: /dev/null

Removed: <td>p-menuitem-text</td>

-------------------
Commit: 8d98f7e75
Date: 2023-09-18 11:10:03 +0600
Message: fix: #13637 || Component: Panelmenu SubMenus not supported HTML content #13637

Class Changes:
File: src/app/components/panelmenu/panelmenu.ts

Removed: <span class="p-menuitem-text" *ngIf="processedItem.escape !== false; else htmlLabel">{{ getItemProp(processedItem, 'label') }}</span>
Added:   <span class="p-menuitem-text" *ngIf="processedItem.item?.escape !== false; else htmlLabel">{{ getItemProp(processedItem, 'label') }}</span>

-------------------
Commit: bddeceb83
Date: 2023-07-26 12:22:24 +0300
Message: Code format

Class Changes:
File: src/app/components/menu/menu.ts

Removed: <span class="p-menuitem-text" *ngIf="item.escape !== false; else htmlLabel">{{ item.label }}</span>

Removed: <ng-template #htmlLabel><span class="p-menuitem-text" [innerHTML]="item.label | safeHtml"></span></ng-template>

-------------------
Commit: e7c75b00f
Date: 2023-07-26 12:21:25 +0300
Message: remove test components

Class Changes:
File: /dev/null

Removed: <span class="p-menuitem-text" *ngIf="getItemProp(item, 'escape') !== false; else htmlLabel">{{ getItemProp(item, 'label') }}</span>

Removed: <ng-template #htmlLabel><span class="p-menuitem-text" [innerHTML]="getItemProp(item, 'label')"></span></ng-template>

Removed: <span class="p-menuitem-text" *ngIf="getItemProp(item, 'escape') !== false; else htmlRouteLabel">{{ getItemProp(item, 'label') }}</span>

Removed: <ng-template #htmlRouteLabel><span class="p-menuitem-text" [innerHTML]="getItemProp(item, 'label')"></span></ng-template>

Removed: <span class="p-menuitem-text" *ngIf="processedItem.escape !== false; else htmlLabel">{{ getItemProp(processedItem, 'label') }}</span>

Removed: <ng-template #htmlLabel><span class="p-menuitem-text" [innerHTML]="getItemProp(processedItem, 'label')"></span></ng-template>

Removed: <span class="p-menuitem-text" *ngIf="getItemProp(processedItem, 'escape') !== false; else htmlRouteLabel">{{ getItemProp(processedItem, 'label') }}</span>

Removed: <ng-template #htmlRouteLabel><span class="p-menuitem-text" [innerHTML]="getItemProp(processedItem, 'label')"></span></ng-template>

-------------------
Commit: 373d8fed6
Date: 2023-07-26 12:21:04 +0300
Message: PanelMenu | Add accessibility enhancements

Class Changes:
File: src/app/components/panelmenu/panelmenu.ts

Removed: <span class="p-menuitem-text" *ngIf="child.escape !== false; else htmlLabel">{{ getItemProp(child, 'label') }}</span>

Removed: <ng-template #htmlLabel><span class="p-menuitem-text" [innerHTML]="getItemProp(child, 'label')"></span></ng-template>
Added:   <span class="p-menuitem-text" *ngIf="processedItem.escape !== false; else htmlLabel">{{ getItemProp(processedItem, 'label') }}</span>

Added:   <ng-template #htmlLabel><span class="p-menuitem-text" [innerHTML]="getItemProp(processedItem, 'label')"></span></ng-template>

Removed: <span class="p-menuitem-text" *ngIf="getItemProp(child, 'escape') !== false; else htmlRouteLabel">{{ getItemProp(child, 'label') }}</span>

Removed: <ng-template #htmlRouteLabel><span class="p-menuitem-text" [innerHTML]="getItemProp(child, 'label')"></span></ng-template>
Added:   <span class="p-menuitem-text" *ngIf="getItemProp(processedItem, 'escape') !== false; else htmlRouteLabel">{{ getItemProp(processedItem, 'label') }}</span>

Added:   <ng-template #htmlRouteLabel><span class="p-menuitem-text" [innerHTML]="getItemProp(processedItem, 'label')"></span></ng-template>

Removed: <span class="p-menuitem-text" *ngIf="getItemProp(item, 'escape') !== false; else htmlLabel">{{ getItemProp(item, 'label') }}</span>

Removed: <ng-template #htmlLabel><span class="p-menuitem-text" [innerHTML]="getItemProp(item, 'label')"></span></ng-template>

Removed: <span class="p-menuitem-text" *ngIf="getItemProp(item, 'escape') !== false; else htmlRouteLabel">{{ getItemProp(item, 'label') }}</span>

Removed: <ng-template #htmlRouteLabel><span class="p-menuitem-text" [innerHTML]="getItemProp(item, 'label')"></span></ng-template>

-------------------
Commit: 5ccf3e223
Date: 2023-07-24 21:11:10 +0300
Message: PanelMenu | New structure

Class Changes:
File: src/app/components/panelmenu/panelmenu_new.ts

Added:   <span class="p-menuitem-text" *ngIf="getItemProp(item, 'escape') !== false; else htmlLabel">{{ getItemProp(item, 'label') }}</span>

Added:   <ng-template #htmlLabel><span class="p-menuitem-text" [innerHTML]="getItemProp(item, 'label')"></span></ng-template>

Added:   <span class="p-menuitem-text" *ngIf="getItemProp(item, 'escape') !== false; else htmlRouteLabel">{{ getItemProp(item, 'label') }}</span>

Added:   <ng-template #htmlRouteLabel><span class="p-menuitem-text" [innerHTML]="getItemProp(item, 'label')"></span></ng-template>

Added:   <span class="p-menuitem-text" *ngIf="processedItem.escape !== false; else htmlLabel">{{ getItemProp(processedItem, 'label') }}</span>

Added:   <ng-template #htmlLabel><span class="p-menuitem-text" [innerHTML]="getItemProp(processedItem, 'label')"></span></ng-template>

Added:   <span class="p-menuitem-text" *ngIf="getItemProp(processedItem, 'escape') !== false; else htmlRouteLabel">{{ getItemProp(processedItem, 'label') }}</span>

Added:   <ng-template #htmlRouteLabel><span class="p-menuitem-text" [innerHTML]="getItemProp(processedItem, 'label')"></span></ng-template>

-------------------
Commit: d54c71483
Date: 2023-07-12 12:59:48 +0300
Message: TabMenu | Accessibility update

Class Changes:
File: src/app/components/tabmenu/tabmenu.ts

Removed: <span class="p-menuitem-text" *ngIf="item.escape !== false; else htmlLabel">{{ item.label }}</span>

Removed: <ng-template #htmlLabel><span class="p-menuitem-text" [innerHTML]="item.label"></span></ng-template>
Added:   <span class="p-menuitem-text" *ngIf="item.escape !== false; else htmlLabel">{{ getItemProp(item, 'label') }}</span>

Added:   <ng-template #htmlLabel><span class="p-menuitem-text" [innerHTML]="getItemProp(item, 'label')"></span></ng-template>

Removed: <span class="p-menuitem-text" *ngIf="item.escape !== false; else htmlRouteLabel">{{ item.label }}</span>

Removed: <ng-template #htmlRouteLabel><span class="p-menuitem-text" [innerHTML]="item.label"></span></ng-template>
Added:   <span class="p-menuitem-text" *ngIf="item.escape !== false; else htmlRouteLabel">{{ getItemProp(item, 'label') }}</span>

Added:   <ng-template #htmlRouteLabel><span class="p-menuitem-text" [innerHTML]="getItemProp(item, 'label')"></span></ng-template>

-------------------
Commit: 2b5b33361
Date: 2023-07-05 04:16:40 +0300
Message: Accessibility | Menubar

Class Changes:
File: src/app/components/menubar/menubar.ts

Removed: <span class="p-menuitem-text" *ngIf="child.escape !== false; else htmlLabel">{{ child.label }}</span>

Removed: <ng-template #htmlLabel><span class="p-menuitem-text" [innerHTML]="child.label"></span></ng-template>
Added:   <span *ngIf="getItemProp(processedItem, 'escape'); else htmlLabel" class="p-menuitem-text" [attr.data-pc-section]="'label'">

Added:   <span class="p-menuitem-text" [innerHTML]="getItemLabel(processedItem)" [attr.data-pc-section]="'label'"></span>

Removed: <span class="p-menuitem-text" *ngIf="child.escape !== false; else htmlRouteLabel">{{ child.label }}</span>

Removed: <ng-template #htmlRouteLabel><span class="p-menuitem-text" [innerHTML]="child.label"></span></ng-template>
Added:   <span class="p-menuitem-text" *ngIf="getItemProp(processedItem, 'escape'); else htmlRouteLabel">{{ getItemLabel(processedItem) }}</span>

Added:   <ng-template #htmlRouteLabel><span class="p-menuitem-text" [innerHTML]="getItemLabel(processedItem)" [attr.data-pc-section]="'label'"></span></ng-template>

-------------------
Commit: 28ce8e4e4
Date: 2023-06-16 09:18:36 +0300
Message: fix(primeng/p-menu): render html via `DomSanitizer`

Class Changes:
File: src/app/components/menu/menu.ts

Removed: <span class="p-menuitem-text" *ngIf="item.escape !== false; else htmlLabel">{{ item.label }}</span>

Removed: <ng-template #htmlLabel><span class="p-menuitem-text" [innerHTML]="item.label"></span></ng-template>

Removed: <span class="p-menuitem-text" *ngIf="item.escape !== false; else htmlRouteLabel">{{ item.label }}</span>

Removed: <ng-template #htmlRouteLabel><span class="p-menuitem-text" [innerHTML]="item.label"></span></ng-template>
Added:   <ng-template #htmlLabel><span class="p-menuitem-text" [innerHTML]="item.label | safeHtml"></span></ng-template>

-------------------
Commit: 8f89ba87f
Date: 2022-02-10 16:13:36 +0300
Message: add scroll to tabmenu

Class Changes:
File: src/app/components/tabmenu/tabmenu.ts

Removed: <span class="p-menuitem-text" *ngIf="item.escape !== false; else htmlLabel">{{item.label}}</span>

Removed: <ng-template #htmlLabel><span class="p-menuitem-text" [innerHTML]="item.label"></span></ng-template>

Removed: <span class="p-menuitem-text" *ngIf="item.escape !== false; else htmlRouteLabel">{{item.label}}</span>

Removed: <ng-template #htmlRouteLabel><span class="p-menuitem-text" [innerHTML]="item.label"></span></ng-template>

-------------------
Commit: b36441fe7
Date: 2021-11-09 10:37:30 +0300
Message: Fixed #10827 - The escape property does not work for label in Slide Menu component

Class Changes:
File: src/app/components/slidemenu/slidemenu.ts

Removed: <span class="p-menuitem-text">{{child.label}}</span>
Added:   <span class="p-menuitem-text" *ngIf="child.escape !== false; else htmlRouteLabel">{{child.label}}</span>

Added:   <ng-template #htmlRouteLabel><span class="p-menuitem-text" [innerHTML]="child.label"></span></ng-template>

-------------------
Commit: facb67df6
Date: 2020-10-01 19:25:07 +0300
Message: Fix typo

Class Changes:
File: src/app/components/panelmenu/panelmenu.ts

Removed: <span class="p-menuitem-text" *ngIf="item.escape !== falsse; else htmlLabel">{{item.label}}</span>
Added:   <span class="p-menuitem-text" *ngIf="item.escape !== false; else htmlLabel">{{item.label}}</span>

-------------------
Commit: 46332a479
Date: 2020-08-12 11:47:44 +0300
Message: #9116 - Unit tests should be pass for TabMenu

Class Changes:
File: src/app/components/tabmenu/tabmenu.spec.ts

Added:   expect(itemList.query(By.css('.p-menuitem-text'))).toBeTruthy();

-------------------
Commit: 390a3c101
Date: 2020-08-11 17:08:12 +0300
Message: #9116 - Unit tests should be pass for SlideMenu

Class Changes:
File: src/app/components/slidemenu/slidemenu.spec.ts

Added:   expect(item.label).toEqual(itemsEl[i].query(By.css('.p-menuitem-text')).nativeElement.textContent);

Added:   expect(child.label).toEqual(itemsEl[i].query(By.css('.p-menuitem-text')).nativeElement.textContent);

Added:   expect(activeItem.query(By.css('.p-menuitem-text')).nativeElement.textContent).toEqual('File');

-------------------
Commit: d91490512
Date: 2020-08-11 10:46:10 +0300
Message: #9116 - Unit tests should be pass for PanelMenu

Class Changes:
File: src/app/components/panelmenu/panelmenu.spec.ts

Added:   expect(activeEl.query(By.css('.p-menuitem-text')).nativeElement.textContent).toEqual(panelmenu.model[x].label);

Added:   expect(activeEls[0].query(By.css('.p-menuitem-text')).nativeElement.textContent).toEqual(panelmenu.model[1].label);

-------------------
Commit: 045076382
Date: 2020-08-06 22:41:20 +0300
Message: #9116 - Unit tests should be pass for MenuBar

Class Changes:
File: src/app/components/menubar/menubar.spec.ts

Added:   expect(parentMenu.query(By.css('.p-menuitem-text')).nativeElement.textContent).toEqual(menubar.model[i].label)

-------------------
Commit: 8eebe5cfc
Date: 2020-08-06 22:39:41 +0300
Message: #9116 - Unit tests should be pass for Menu

Class Changes:
File: src/app/components/menu/menu.spec.ts

Added:   expect(menuItem.query(By.css('.p-menuitem-text')).nativeElement.textContent).toEqual('New');

-------------------
Commit: ffd6acf54
Date: 2020-08-06 22:34:19 +0300
Message: #9116 - Unit tests should be pass for MegaMenu

Class Changes:
File: src/app/components/megamenu/megamenu.spec.ts

Added:   const tv1FirstItemLabelEl = submenuEl[0].query(By.css('.p-menuitem-text')).nativeElement;

-------------------
Commit: 9418878a8
Date: 2020-07-27 17:21:36 +0300
Message: TabMenu demo update

Class Changes:
File: src/app/showcase/components/tabmenu/tabmenudemo.html

Added:   <td>p-menuitem-text</td>

-------------------
Commit: b5e497753
Date: 2020-07-27 15:13:16 +0300
Message: TieredMenu demo update

Class Changes:
File: src/app/showcase/components/tieredmenu/tieredmenudemo.html

Added:   <td>p-menuitem-text</td>

-------------------
Commit: 856845739
Date: 2020-07-27 14:59:02 +0300
Message: SlideMenu demo update

Class Changes:
File: src/app/showcase/components/slidemenu/slidemenudemo.html

Added:   <td>p-menuitem-text</td>

-------------------
Commit: b9711e8c3
Date: 2020-07-27 14:50:31 +0300
Message: PanelMenu demo update

Class Changes:
File: src/app/showcase/components/panelmenu/panelmenudemo.html

Added:   <td>p-menuitem-text</td>

-------------------
Commit: fcb87e254
Date: 2020-07-27 14:39:51 +0300
Message: Menubar demo update

Class Changes:
File: src/app/showcase/components/menubar/menubardemo.html

Added:   <td>p-menuitem-text</td>

-------------------
Commit: 0d7b74120
Date: 2020-07-27 14:32:19 +0300
Message: Megamenu demo update

Class Changes:
File: src/app/showcase/components/megamenu/megamenudemo.html

Added:   <td>p-menuitem-text</td>

-------------------
Commit: 4b6091078
Date: 2020-07-27 12:51:06 +0300
Message: ConextMenu demo update

Class Changes:
File: src/app/showcase/components/contextmenu/contextmenudemo.html

Added:   <td>p-menuitem-text</td>

-------------------
Commit: abcfc1b1b
Date: 2020-07-27 12:34:32 +0300
Message: Breadcrumb Demo Update

Class Changes:
File: src/app/showcase/components/breadcrumb/breadcrumbdemo.html

Added:   <td>p-menuitem-text</td>

-------------------
Commit: 41e8c7617
Date: 2020-07-27 12:15:47 +0300
Message: Menu Demo Update

Class Changes:
File: src/app/showcase/components/menu/menudemo.html

Added:   <td>p-menuitem-text</td>

-------------------
Commit: c3aa2c489
Date: 2020-07-24 19:13:06 +0300
Message: Reimplemented splitbutton overlay with the menu component

Class Changes:
File: src/app/components/splitbutton/splitbutton.ts

Removed: <span class="p-menuitem-text">{{item.label}}</span>

-------------------
Commit: 90b27da1a
Date: 2020-07-22 17:18:53 +0300
Message: Migrated splitbutton to PrimeOne

Class Changes:
File: src/app/components/splitbutton/splitbutton.ts

Added:   <span class="p-menuitem-text">{{item.label}}</span>

-------------------
Commit: abfd7cf99
Date: 2020-07-21 19:16:51 +0300
Message: Migration to PrimeOne

Class Changes:
File: src/app/components/menu/menu.ts

Added:   <span class="p-menuitem-text">{{item.label}}</span>

