PrimeNG Changes for p-menuitem-link (v17-v19)
============================

-------------------
Commit: 390f781ef
Date: 2024-11-20 13:15:31 +0000
Message: Remove tests

Class Changes:
File: /dev/null

Removed: const menuItemLink = fixture.debugElement.query(By.css('.p-menuitem-link'));

Removed: const menuItem = fixture.debugElement.query(By.css('.p-menuitem-link'));

Removed: const secondParentEl = parentEl.queryAll(By.css('.p-menuitem-link'))[1];

Removed: const panelHeaderLinkEl = fixture.debugElement.query(By.css('.p-menuitem-link'));

-------------------
Commit: 1967524bd
Date: 2024-11-14 17:22:38 +0300
Message: update dock | basic & advanced doc

Class Changes:
File: apps/showcase/doc/dock/advanceddoc.ts

Removed: .p-menuitem-link {

Removed: .p-menubar-root-list > .p-menuitem > .p-menuitem-link {

-------------------
Commit: dd9d186fe
Date: 2024-09-26 14:34:57 +0300
Message: Deprecate tabmenu & remove tabmenu docs. Fixes #16441

Class Changes:
File: /dev/null

Removed: <a [routerLink]="item.route" class="p-menuitem-link">

Removed: <a [href]="item.url" class="p-menuitem-link">

Removed: <td>p-menuitem-link</td>

Removed: <a pRipple class="flex items-center gap-2 p-menuitem-link">

-------------------
Commit: 890617f4c
Date: 2024-09-02 10:27:43 +0300
Message: Theming | Add steps

Class Changes:
File: /dev/null

Removed: .p-steps-item .p-menuitem-link {

Removed: .p-steps-item.p-steps-current .p-menuitem-link {

Removed: class="p-menuitem-link"

-------------------
Commit: 7d5d27186
Date: 2024-09-02 01:47:27 +0300
Message: Theming | Add TabMenu

Class Changes:
File: src/app/components/tabmenu/style/tabmenustyle.ts

Added:   .p-tabmenuitem > .p-menuitem-link {

Added:   .p-tabmenuitem.p-tabmenuitem-active .p-menuitem-link {

-------------------
Commit: 93b1660b9
Date: 2024-08-29 09:32:43 +0300
Message: update contextmenu command & router doc

Class Changes:
File: src/app/showcase/doc/contextmenu/routerdoc.ts

Removed: <a [routerLink]="item.route" class="p-menuitem-link">

Removed: <a [href]="item.url" class="p-menuitem-link">

-------------------
Commit: 8cbfa8e1a
Date: 2024-08-28 18:10:02 +0300
Message: update contextmenu templatedoc

Class Changes:
File: src/app/showcase/doc/contextmenu/templatedoc.ts

Removed: <a pRipple class="flex items-center p-menuitem-link">

-------------------
Commit: 1e82b71e3
Date: 2024-08-26 15:28:58 +0300
Message: pf2tw

Class Changes:
File: src/app/showcase/doc/contextmenu/templatedoc.ts

Removed: <a pRipple class="flex align-items-center p-menuitem-link">
Added:   <a pRipple class="flex items-center p-menuitem-link">

Removed: <a pRipple class="flex align-items-center gap-2 p-menuitem-link">
Added:   <a pRipple class="flex items-center gap-2 p-menuitem-link">

-------------------
Commit: f6fd1a56d
Date: 2024-07-31 11:29:34 +0300
Message: Theming | Add contextmenu

Class Changes:
File: src/app/components/contextmenu/contextmenu.ts

Removed: [ngClass]="{ 'p-menuitem-link': true }"

Removed: [ngClass]="{ 'p-menuitem-link': true, 'p-disabled': getItemProp(processedItem, 'disabled') }"

-------------------
Commit: c9e61f303
Date: 2024-07-23 11:30:10 +0300
Message: remove tieredmenu.css

Class Changes:
File: /dev/null

Removed: .p-tieredmenu .p-menuitem-link {

Removed: .p-tieredmenu .p-menuitem-link .p-submenu-icon:not(svg) {

Removed: .p-tieredmenu .p-menuitem-link .p-icon-wrapper {

-------------------
Commit: 6f5138116
Date: 2024-07-23 11:29:33 +0300
Message: Theming | MegaMenu

Class Changes:
File: /dev/null

Removed: .p-megamenu .p-menuitem-link {

Removed: .p-megamenu-vertical .p-megamenu-root-list > .p-menuitem > .p-menuitem-content > .p-menuitem-link > .p-submenu-icon:not(svg) {

Removed: .p-megamenu-vertical .p-megamenu-root-list > .p-menuitem > .p-menuitem-content > .p-menuitem-link > .p-icon-wrapper {

Removed: [ngClass]="{ 'p-menuitem-link': true, 'p-disabled': getItemProp(processedItem, 'disabled') }"

-------------------
Commit: 1b44914e5
Date: 2024-07-23 11:04:07 +0300
Message: Theming | TieredMenu

Class Changes:
File: src/app/components/tieredmenu/tieredmenu.ts

Removed: [ngClass]="{ 'p-menuitem-link': true, 'p-disabled': getItemProp(processedItem, 'disabled') }"

Removed: <a [routerLink]="item.route" [href]="item.href" class="p-menuitem-link">

Removed: <a [href]="item.url" [target]="item.target" class="p-menuitem-link">

Removed: <a class="p-menuitem-link">

Removed: <a pRipple class="flex align-items-center p-menuitem-link">

-------------------
Commit: b891fd348
Date: 2024-07-22 17:20:50 +0300
Message: Theming | PanelMenu

Class Changes:
File: /dev/null

Removed: .p-panelmenu .p-menuitem-link {

Removed: class="p-menuitem-link"

-------------------
Commit: aa7b246cb
Date: 2024-07-22 14:16:14 +0300
Message: update Menubar | templatedoc

Class Changes:
File: src/app/showcase/doc/menubar/templatedoc.ts

Removed: <a pRipple class="flex align-items-center p-menuitem-link">

-------------------
Commit: c953a33c1
Date: 2024-07-22 14:12:31 +0300
Message: Theming | Menubar

Class Changes:
File: /dev/null

Removed: .p-menubar .p-menuitem-link {

Removed: .p-menubar .p-submenu-list .p-menuitem-link .p-submenu-icon:not(svg) {

Removed: .p-menubar .p-submenu-list .p-menuitem-link .p-icon-wrapper {

Removed: [ngClass]="{ 'p-menuitem-link': true, 'p-disabled': getItemProp(processedItem, 'disabled') }"

Removed: <a [routerLink]="item.route" class="p-menuitem-link">

Removed: <a *ngIf="item.url; else noLink" [href]="item.url" class="p-menuitem-link">

Removed: <div class="p-menuitem-link">

-------------------
Commit: 6e9cc3f32
Date: 2024-07-22 12:40:32 +0300
Message: update Breadcrumb | routerdoc

Class Changes:
File: src/app/showcase/doc/breadcrumb/routerdoc.ts

Removed: <a [routerLink]="item.route" class="p-menuitem-link">

-------------------
Commit: 6c794b160
Date: 2024-07-22 12:38:20 +0300
Message: Theming | Add Menu

Class Changes:
File: /dev/null

Removed: .p-menu .p-menuitem-link {

Removed: class="p-menuitem-link"

Removed: <a [routerLink]="item.route" class="p-menuitem-link">

Removed: <a [href]="item.url" class="p-menuitem-link">

Removed: <a pRipple class="flex align-items-center p-menuitem-link">

-------------------
Commit: c83215a33
Date: 2024-07-22 11:24:57 +0300
Message: remove breadcrumb.css

Class Changes:
File: /dev/null

Removed: .p-breadcrumb .p-menuitem-link {

-------------------
Commit: b839ddb41
Date: 2024-07-22 11:14:36 +0300
Message: Theming | Breadcrumb

Class Changes:
File: src/app/components/breadcrumb/breadcrumb.ts

Removed: <a [routerLink]="item.route" class="p-menuitem-link">

-------------------
Commit: 45f4fb68c
Date: 2024-07-17 17:07:04 +0300
Message: Remove SlideMenu, fixes #16044

Class Changes:
File: /dev/null

Removed: .p-slidemenu .p-menuitem-link:not(.p-slidemenu-backward) {

Removed: .p-slidemenu .p-menuitem-link .p-submenu-icon:not(svg) {

Removed: .p-slidemenu .p-menuitem-link .p-icon-wrapper {

Removed: [ngClass]="{ 'p-menuitem-link': true, 'p-disabled': getItemProp(processedItem, 'disabled') }"

Removed: <a #backward class="p-slidemenu-backward p-menuitem-link" tabindex="0" [style.display]="left ? 'block' : 'none'" (click)="goBack($event)" (keydown)="onNavigationKeyDown($event)" [attr.data-pc-section]="'navigation'">

-------------------
Commit: f6dccbcf8
Date: 2024-05-14 16:52:04 +0300
Message: update menubar router doc

Class Changes:
File: src/app/showcase/doc/menubar/routerdoc.ts

Removed: <a [href]="item.url" class="p-menuitem-link">
Added:   <a *ngIf="item.url; else noLink" [href]="item.url" class="p-menuitem-link">

Added:   <div class="p-menuitem-link">

-------------------
Commit: 011077732
Date: 2024-05-14 14:50:54 +0300
Message: update panelmenu

Class Changes:
File: src/app/showcase/doc/panelmenu/routerdoc.ts

Removed: <a [href]="item.url" class="p-menuitem-link">

-------------------
Commit: 5e54a2521
Date: 2024-04-30 17:57:14 +0100
Message: fix unit test for menubar and progressbar component

Class Changes:
File: src/app/components/menubar/menubar.spec.ts

Removed: const firstParentEl = parentEl.query(By.css('.p-menuitem-link'));

Removed: const secondParentEl = parentEl.queryAll(By.css('.p-menuitem-link'))[1];

Removed: const firstSubItem = firstSubmenuList.query(By.css('.p-menuitem-link'));

-------------------
Commit: 795afb6a9
Date: 2024-04-29 14:19:36 +0300
Message: updated tieredmenu examples

Class Changes:
File: src/app/showcase/doc/tieredmenu/templatedoc.ts

Removed: <a pRipple class="flex align-items-center p-menuitem-link">

-------------------
Commit: 7e49bf485
Date: 2024-04-29 12:37:27 +0300
Message: updated tabmenu examples

Class Changes:
File: src/app/showcase/doc/tabmenu/routerdoc.ts

Added:   <a [routerLink]="item.route" class="p-menuitem-link">

Added:   <a [href]="item.url" class="p-menuitem-link">

Removed: <a class="p-menuitem-link flex justify-content-between align-items-center p-3">
Added:   <a pRipple class="flex align-items-center gap-2 p-menuitem-link">

-------------------
Commit: b2bddb3e8
Date: 2024-04-29 10:18:43 +0300
Message: updated panelmenu examples

Class Changes:
File: src/app/showcase/doc/panelmenu/routerdoc.ts

Added:   <a [href]="item.url" class="p-menuitem-link">

-------------------
Commit: 2652c3953
Date: 2024-04-26 16:09:05 +0300
Message: updated megamenu examples

Class Changes:
File: src/app/showcase/doc/megamenu/routerdoc.ts

Added:   <a [routerLink]="item.route" class="p-menuitem-link">

Added:   <a [href]="item.url" class="p-menuitem-link">

-------------------
Commit: 7b6591434
Date: 2024-04-26 14:32:01 +0300
Message: updated menubar examples

Class Changes:
File: src/app/showcase/doc/menubar/routerdoc.ts

Added:   <a [routerLink]="item.route" class="p-menuitem-link">

Added:   <a [href]="item.url" class="p-menuitem-link">

Added:   <a pRipple class="flex align-items-center p-menuitem-link">

-------------------
Commit: 760641c5b
Date: 2024-04-26 13:08:44 +0300
Message: updated contextmenu examples

Class Changes:
File: src/app/showcase/doc/contextmenu/routerdoc.ts

Added:   <a [routerLink]="item.route" class="p-menuitem-link">

Added:   <a [href]="item.url" class="p-menuitem-link">

Added:   <a pRipple class="flex align-items-center p-menuitem-link">

-------------------
Commit: b8a158b8e
Date: 2024-04-26 10:31:26 +0300
Message: updated menu examples

Class Changes:
File: /dev/null

Removed: <a *ngIf="!item?.url" [attr.tabindex]="-1" class="p-menuitem-link flex justify-content-between align-items-center p-3" [routerLink]="item.routerLink">

Removed: <a *ngIf="item?.url" [attr.tabindex]="-1" class="p-menuitem-link flex justify-content-between align-items-center p-3" [attr.href]="item.url" [attr.target]="'blank'">

Removed: <a *ngIf="item?.url" [attr.tabindex]="-1" class="p-menuitem-link flex justify-content-between align-items-center p-3" [attr.href]="item.url">
Added:   <a [routerLink]="item.route" class="p-menuitem-link">

Added:   <a [href]="item.url" class="p-menuitem-link">

Added:   <a pRipple class="flex align-items-center p-menuitem-link">

-------------------
Commit: 081e0abb4
Date: 2024-04-25 16:14:46 +0300
Message: updated dock examples

Class Changes:
File: src/app/showcase/doc/dock/advanceddoc.ts

Added:   .p-menuitem-link {

Added:   .p-menubar-root-list > .p-menuitem > .p-menuitem-link {

-------------------
Commit: 8518fcee1
Date: 2024-04-25 14:59:49 +0300
Message: updated breadcrumb examples

Class Changes:
File: src/app/showcase/doc/breadcrumb/routerdoc.ts

Added:   <a [routerLink]="item.route" class="p-menuitem-link">

-------------------
Commit: a817b9c8a
Date: 2024-02-14 14:05:03 +0300
Message: Fixed #14773 - ContextMenu | Double opacity applied to disabled items

Class Changes:
File: src/app/components/contextmenu/contextmenu.ts

Removed: [ngClass]="{ 'p-menuitem-link': true, 'p-disabled': getItemProp(processedItem, 'disabled') }"
Added:   [ngClass]="{ 'p-menuitem-link': true }"

-------------------
Commit: ddff37d07
Date: 2023-12-28 17:00:56 +0300
Message: Fix documentation

Class Changes:
File: src/app/showcase/doc/menu/customdoc.ts

Removed: <a class="p-menuitem-link flex justify-content-between align-items-center p-3">
Added:   <a *ngIf="!item?.url" [attr.tabindex]="-1" class="p-menuitem-link flex justify-content-between align-items-center p-3" [routerLink]="item.routerLink">

Added:   <a *ngIf="item?.url" [attr.tabindex]="-1" class="p-menuitem-link flex justify-content-between align-items-center p-3" [attr.href]="item.url" [attr.target]="'blank'">

Added:   <a *ngIf="item?.url" [attr.tabindex]="-1" class="p-menuitem-link flex justify-content-between align-items-center p-3" [attr.href]="item.url">

-------------------
Commit: d1f1ba122
Date: 2023-12-13 18:09:29 +0300
Message: Code format

Class Changes:
File: src/app/showcase/doc/tieredmenu/templatedoc.ts

Removed: <a pRipple class="flex align-items-center p-menuitem-link">

-------------------
Commit: b134adbe0
Date: 2023-12-04 20:51:38 +0300
Message: tieredmenu | routerdoc added

Class Changes:
File: src/app/showcase/doc/tieredmenu/routerdoc.ts

Added:   <a [routerLink]="item.route" [href]="item.href" class="p-menuitem-link">

Added:   <a [href]="item.url" [target]="item.target" class="p-menuitem-link">

Added:   <a class="p-menuitem-link">

-------------------
Commit: 72a5b9e10
Date: 2023-12-04 17:02:08 +0300
Message: tieredmenu update completed

Class Changes:
File: src/app/showcase/doc/tieredmenu/templatedoc.ts

Added:   <a pRipple class="flex align-items-center p-menuitem-link">

-------------------
Commit: ce972b458
Date: 2023-11-07 16:35:49 +0300
Message: Update layout structure and styles

Class Changes:
File: /dev/null

Removed: .p-tabmenu .p-tabmenu-nav .p-tabmenuitem .p-menuitem-link {

-------------------
Commit: ea4c2b055
Date: 2023-10-25 16:19:44 +0300
Message: Refactor #13910

Class Changes:
File: src/app/showcase/doc/tabmenu/templatedoc.ts

Added:   <a class="p-menuitem-link flex justify-content-between align-items-center p-3">

-------------------
Commit: 1e5b43c5d
Date: 2023-10-18 13:05:23 +0300
Message: Fixed #13910 - Menu Templating

Class Changes:
File: src/app/components/contextmenu/contextmenu.ts

Added:   <a class="p-menuitem-link flex justify-content-between align-items-center p-3">

-------------------
Commit: bddeceb83
Date: 2023-07-26 12:22:24 +0300
Message: Code format

Class Changes:
File: src/app/components/menu/menu.ts

Added:   <a #backward class="p-slidemenu-backward p-menuitem-link" tabindex="0" [style.display]="left ? 'block' : 'none'" (click)="goBack($event)" (keydown)="onNavigationKeyDown($event)" [attr.data-pc-section]="'navigation'">

-------------------
Commit: e7c75b00f
Date: 2023-07-26 12:21:25 +0300
Message: remove test components

Class Changes:
File: /dev/null

Removed: class="p-menuitem-link"

-------------------
Commit: 5ccf3e223
Date: 2023-07-24 21:11:10 +0300
Message: PanelMenu | New structure

Class Changes:
File: src/app/components/panelmenu/panelmenu_sub.ts

Added:   class="p-menuitem-link"

-------------------
Commit: 2b5b33361
Date: 2023-07-05 04:16:40 +0300
Message: Accessibility | Menubar

Class Changes:
File: src/app/components/menubar/menubar.ts

Removed: [ngClass]="{ 'p-menuitem-link': true, 'p-disabled': child.disabled }"
Added:   [ngClass]="{ 'p-menuitem-link': true, 'p-disabled': getItemProp(processedItem, 'disabled') }"

-------------------
Commit: cd1f6e5ca
Date: 2023-06-27 02:01:15 +0300
Message: Menu | Update accessibility, add arialabel, arialabelledby, fixes #13253

Class Changes:
File: src/app/components/menu/menu.ts

Removed: class="p-menuitem-link"

-------------------
Commit: d5d351f29
Date: 2023-05-22 12:02:20 +0300
Message: Refactor types

Class Changes:
File: src/app/components/contextmenu/contextmenu.ts

Removed: let firstItem = DomHandler.findSingle(this.containerViewChild!.nativeElement, '.p-menuitem-link').parentElement;
Added:   let firstItem = DomHandler.findSingle(this.containerViewChild?.nativeElement, '.p-menuitem-link').parentElement;

-------------------
Commit: ac5f2e74e
Date: 2023-05-17 14:06:24 +0300
Message: Types | ContextMenu

Class Changes:
File: src/app/components/contextmenu/contextmenu.ts

Removed: let firstItem = DomHandler.findSingle(this.containerViewChild.nativeElement, '.p-menuitem-link').parentElement;
Added:   let firstItem = DomHandler.findSingle(this.containerViewChild!.nativeElement, '.p-menuitem-link').parentElement;

-------------------
Commit: 2a9471384
Date: 2023-04-26 10:27:21 +0300
Message: fix icon alignment

Class Changes:
File: src/app/components/tieredmenu/tieredmenu.css

Removed: .p-tieredmenu .p-menuitem-link .p-submenu-icon {
Added:   .p-tieredmenu .p-menuitem-link .p-submenu-icon:not(svg) {

Added:   .p-tieredmenu .p-menuitem-link .p-icon-wrapper {

-------------------
Commit: 6e3fad5a4
Date: 2023-04-18 22:54:12 +0300
Message: add missing margin

Class Changes:
File: src/app/components/contextmenu/contextmenu.css

Removed: .p-contextmenu .p-menuitem-link .p-submenu-icon {
Added:   .p-contextmenu .p-menuitem-link .p-submenu-icon:not(svg) {

Added:   .p-contextmenu .p-menuitem-link .p-icon-wrapper {

Removed: .p-megamenu-vertical .p-megamenu-root-list > .p-menuitem > .p-menuitem-link > .p-submenu-icon {
Added:   .p-megamenu-vertical .p-megamenu-root-list > .p-menuitem > .p-menuitem-link > .p-submenu-icon:not(svg) {

Added:   .p-megamenu-vertical .p-megamenu-root-list > .p-menuitem > .p-menuitem-link > .p-icon-wrapper {

Removed: .p-menubar .p-submenu-list .p-menuitem-link .p-submenu-icon {
Added:   .p-menubar .p-submenu-list .p-menuitem-link .p-submenu-icon:not(svg) {

Added:   .p-menubar .p-submenu-list .p-menuitem-link .p-icon-wrapper {

Removed: .p-slidemenu .p-menuitem-link .p-submenu-icon {
Added:   .p-slidemenu .p-menuitem-link .p-submenu-icon:not(svg) {

Added:   .p-slidemenu .p-menuitem-link .p-icon-wrapper {

-------------------
Commit: 53b344d3e
Date: 2023-03-21 13:53:45 +0300
Message: CSS refactor

Class Changes:
File: /dev/null

Removed: .landing-components .p-tabmenu .p-tabmenu-nav .p-tabmenuitem .p-menuitem-link {

-------------------
Commit: f5129d8cc
Date: 2023-03-16 11:51:52 +0300
Message: New documentation

Class Changes:
File: /dev/null

Removed: .p-menuitem-link {

Removed: .p-menubar-root-list > .p-menuitem > .p-menuitem-link {

Removed: <td>p-menuitem-link</td>

-------------------
Commit: 608548988
Date: 2023-01-18 15:55:05 +0300
Message: Update tests

Class Changes:
File: src/app/components/menubar/menubar.spec.ts

Removed: const firstParentEl = parentEl.query(By.css('.p-menuitem-link'));

-------------------
Commit: 4351d93cd
Date: 2022-02-24 13:10:02 +0300
Message: Fixed #11228 - Breadcrumb | tooltip alignment fails if breadcrumb item has long text

Class Changes:
File: src/app/components/breadcrumb/breadcrumb.ts

Removed: <a *ngIf="!item.routerLink" [attr.href]="item.url ? item.url : null" class="p-menuitem-link" (click)="itemClick($event, item)" pTooltip [tooltipOptions]="item.tooltipOptions"
Added:   <a *ngIf="!item.routerLink" [attr.href]="item.url ? item.url : null" class="p-menuitem-link" (click)="itemClick($event, item)"

-------------------
Commit: b5e3a1d0d
Date: 2022-02-24 09:44:57 +0300
Message: add new landing & update showcase

Class Changes:
File: src/assets/showcase/styles/app/app.css

Added:   .landing-components .p-tabmenu .p-tabmenu-nav .p-tabmenuitem .p-menuitem-link {

-------------------
Commit: d450fb5e0
Date: 2022-02-17 13:53:07 +0300
Message: init new landing

Class Changes:
File: src/assets/showcase/styles/app/landing/_components.scss

Added:   .p-tabmenu .p-tabmenu-nav .p-tabmenuitem .p-menuitem-link {

-------------------
Commit: 8f89ba87f
Date: 2022-02-10 16:13:36 +0300
Message: add scroll to tabmenu

Class Changes:
File: src/app/components/tabmenu/tabmenu.ts

Removed: <a *ngIf="!item.routerLink" [attr.href]="item.url" class="p-menuitem-link" role="presentation" (click)="itemClick($event,item)" (keydown.enter)="itemClick($event,item)" [attr.tabindex]="item.disabled ? null : '0'"

Removed: role="presentation" class="p-menuitem-link" (click)="itemClick($event,item)" (keydown.enter)="itemClick($event,item)" [attr.tabindex]="item.disabled ? null : '0'"

-------------------
Commit: 6d753fc5a
Date: 2021-10-27 21:23:43 +0300
Message: Fixed #10784 - PanelMenu | Keyboard Support

Class Changes:
File: src/app/components/panelmenu/panelmenu.ts

Removed: <a *ngIf="!child.routerLink" [attr.href]="child.url" class="p-menuitem-link" [attr.tabindex]="!item.expanded ? null : child.disabled ? null : '0'" [attr.id]="child.id"
Added:   <a *ngIf="!child.routerLink" (keydown)="onItemKeyDown($event)" [attr.href]="child.url" class="p-menuitem-link" [attr.tabindex]="!item.expanded || !parentExpanded ? null : child.disabled ? null : '0'" [attr.id]="child.id"

Removed: <a *ngIf="child.routerLink" [routerLink]="child.routerLink" [queryParams]="child.queryParams" [routerLinkActive]="'p-menuitem-link-active'" [routerLinkActiveOptions]="child.routerLinkActiveOptions||{exact:false}" class="p-menuitem-link"
Added:   <a *ngIf="child.routerLink" (keydown)="onItemKeyDown($event)"  [routerLink]="child.routerLink" [queryParams]="child.queryParams" [routerLinkActive]="'p-menuitem-link-active'" [routerLinkActiveOptions]="child.routerLinkActiveOptions||{exact:false}" class="p-menuitem-link"

-------------------
Commit: 8f43723d8
Date: 2021-10-27 10:20:13 +0300
Message: Fixed #10781 - SlideMenu | Keyboard Support

Class Changes:
File: src/app/components/slidemenu/slidemenu.ts

Removed: <a *ngIf="!child.routerLink" [attr.href]="child.url" class="p-menuitem-link" [attr.target]="child.target" [attr.title]="child.title" [attr.id]="child.id"
Added:   <a *ngIf="!child.routerLink" (keydown)="onItemKeyDown($event)"  [attr.href]="child.url" class="p-menuitem-link" [attr.target]="child.target" [attr.title]="child.title" [attr.id]="child.id"

Added:   <a #backward (keydown.enter)="onBackwardKeydown($event)" (keydown.space)="onBackwardKeydown($event)" class="p-slidemenu-backward p-menuitem-link" tabindex="0" [style.display]="left ? 'block' : 'none'" (click)="goBack()">

-------------------
Commit: c3d7f0c13
Date: 2021-10-25 13:28:01 +0300
Message: Fixed #10771 - Menu | Keyboard Support

Class Changes:
File: src/app/components/menu/menu.ts

Removed: <a *ngIf="!item.routerLink" [attr.href]="item.url||null" class="p-menuitem-link" [attr.tabindex]="item.disabled ? null : '0'" [attr.data-automationid]="item.automationId" [attr.target]="item.target" [attr.title]="item.title" [attr.id]="item.id"
Added:   <a *ngIf="!item.routerLink"  (keydown)="onItemKeyDown($event)" [attr.href]="item.url||null" class="p-menuitem-link" [attr.tabindex]="item.disabled ? null : '0'" [attr.data-automationid]="item.automationId" [attr.target]="item.target" [attr.title]="item.title" [attr.id]="item.id"

-------------------
Commit: 4b9ea75d3
Date: 2021-09-24 12:54:05 +0300
Message: Fixed #10669 - Breadcrumb | aria-label support for Home Icon

Class Changes:
File: src/app/components/breadcrumb/breadcrumb.ts

Removed: <a *ngIf="!home.routerLink" [href]="home.url ? home.url : null" class="p-menuitem-link" (click)="itemClick($event, home)"
Added:   <a *ngIf="!home.routerLink" [attr.aria-label]="homeAriaLabel" [href]="home.url ? home.url : null" class="p-menuitem-link" (click)="itemClick($event, home)"

Removed: <a *ngIf="home.routerLink" [routerLink]="home.routerLink" [queryParams]="home.queryParams" [routerLinkActive]="'p-menuitem-link-active'" [routerLinkActiveOptions]="home.routerLinkActiveOptions||{exact:false}" class="p-menuitem-link" (click)="itemClick($event, home)"
Added:   <a *ngIf="home.routerLink" [routerLink]="home.routerLink" [attr.aria-label]="homeAriaLabel" [queryParams]="home.queryParams" [routerLinkActive]="'p-menuitem-link-active'" [routerLinkActiveOptions]="home.routerLinkActiveOptions||{exact:false}" class="p-menuitem-link" (click)="itemClick($event, home)"

-------------------
Commit: 4b857acf9
Date: 2021-07-30 11:02:34 +0300
Message: Dock Demo

Class Changes:
File: src/app/showcase/components/dock/dockdemo.scss

Added:   .p-menuitem-link {

Added:   .p-menubar-root-list > .p-menuitem > .p-menuitem-link {

-------------------
Commit: 3a2f6c00d
Date: 2021-07-01 10:39:12 +0300
Message: Fixed #10379 - Unsubscription error when running any default component test using Steps

Class Changes:
File: src/app/components/steps/steps.ts

Removed: <a *ngIf="isClickableRouterLink(item); else elseBlock" [routerLink]="item.routerLink" [queryParams]="item.queryParams" role="presentation" [routerLinkActive]="'p-menuitem-link-active'" [routerLinkActiveOptions]="item.routerLinkActiveOptions||{exact:false}" class="p-menuitem-link"

Removed: <a [attr.href]="item.url" class="p-menuitem-link" role="presentation" (click)="itemClick($event, item, i)" (keydown.enter)="itemClick($event, item, i)" [attr.target]="item.target" [attr.id]="item.id"

-------------------
Commit: b0dab2ccc
Date: 2021-03-26 12:00:28 +0300
Message: MenuBar unit test fixed

Class Changes:
File: src/app/components/menubar/menubar.spec.ts

Removed: const firstParentEl = parentEl.query(By.css('.p-menuitem-link'));

-------------------
Commit: 6ccdd0bba
Date: 2021-03-26 11:57:33 +0300
Message: Fixed #10045 - MenuItem's style and styleClass properties should be apply to li

Class Changes:
File: src/app/components/contextmenu/contextmenu.ts

Removed: [ngClass]="{'p-menuitem-link':true,'p-disabled':child.disabled}" [ngStyle]="child.style" [class]="child.styleClass" pRipple
Added:   [attr.tabindex]="child.disabled ? null : '0'" (click)="onItemClick($event, child, menuitem, getKey(index))" [ngClass]="{'p-menuitem-link':true,'p-disabled':child.disabled}" pRipple

Removed: [ngClass]="{'p-menuitem-link':true,'p-disabled':child.disabled}" [ngStyle]="child.style" [class]="child.styleClass"
Added:   [ngClass]="{'p-menuitem-link':true,'p-disabled':child.disabled}" [attr.tabindex]="child.disabled ? null : '0'" [attr.aria-haspopup]="item.items != null" [attr.aria-expanded]="item === activeItem" pRipple>

Added:   [ngClass]="{'p-menuitem-link':true,'p-disabled':child.disabled}"

Removed: (click)="onItemClick($event, child)" (mouseenter)="onItemMouseEnter($event,child)"  [ngClass]="{'p-menuitem-link':true,'p-disabled':child.disabled}" [ngStyle]="child.style" [class]="child.styleClass"
Added:   (click)="onItemClick($event, child)" (mouseenter)="onItemMouseEnter($event,child)"  [ngClass]="{'p-menuitem-link':true,'p-disabled':child.disabled}"

-------------------
Commit: 73af5eb26
Date: 2021-03-05 12:31:02 +0300
Message: Fixed #9954 - Unable to access tab menu using keyboard

Class Changes:
File: src/app/components/tabmenu/tabmenu.ts

Removed: <a *ngIf="!item.routerLink" [attr.href]="item.url" class="p-menuitem-link" role="presentation" (click)="itemClick($event,item)" [attr.tabindex]="item.disabled ? null : '0'"
Added:   <a *ngIf="!item.routerLink" [attr.href]="item.url" class="p-menuitem-link" role="presentation" (click)="itemClick($event,item)" (keydown.enter)="itemClick($event,item)" [attr.tabindex]="item.disabled ? null : '0'"

Removed: role="presentation" class="p-menuitem-link" (click)="itemClick($event,item)" [attr.tabindex]="item.disabled ? null : '0'"
Added:   role="presentation" class="p-menuitem-link" (click)="itemClick($event,item)" (keydown.enter)="itemClick($event,item)" [attr.tabindex]="item.disabled ? null : '0'"

-------------------
Commit: 01685e141
Date: 2020-11-17 13:44:41 +0300
Message: Fixed #8293 - Add autoDisplay to MenuBar and TieredMenu

Class Changes:
File: src/app/components/menubar/menubar.ts

Removed: (click)="onItemClick($event, child)" [ngClass]="{'p-menuitem-link':true,'p-disabled':child.disabled}" [ngStyle]="child.style" [class]="child.styleClass"
Added:   [ngClass]="{'p-menuitem-link':true,'p-disabled':child.disabled}" [ngStyle]="child.style" [class]="child.styleClass"

Added:   (click)="onItemClick($event, child)" (mouseenter)="onItemMouseEnter($event,child)"  [ngClass]="{'p-menuitem-link':true,'p-disabled':child.disabled}" [ngStyle]="child.style" [class]="child.styleClass"

-------------------
Commit: 5c6b52b7d
Date: 2020-11-09 18:22:52 +0300
Message: Refactor

Class Changes:
File: src/app/components/contextmenu/contextmenu.ts

Removed: (click)="onItemClick($event, child)" [ngClass]="{'p-menuitem-link':true,'p-disabled':child.disabled}"
Added:   (click)="onItemClick($event, child, menuitem, getKey(index))" [ngClass]="{'p-menuitem-link':true,'p-disabled':child.disabled}"

-------------------
Commit: f5bf16b1c
Date: 2020-11-07 04:04:32 +0300
Message: Fixed  #9499 - Add keyboard support to ContextMenu

Class Changes:
File: src/app/components/contextmenu/contextmenu.ts

Added:   let firstItem = DomHandler.findSingle(this.containerViewChild.nativeElement, '.p-menuitem-link').parentElement;

Added:   activeItem = DomHandler.findSingle(sublist, '.p-menuitem-link:not(.p-disabled)').parentElement;

-------------------
Commit: 3fc808783
Date: 2020-10-27 10:47:14 +0300
Message: Fixed #9459 - Align tiered menu behavior with menubar

Class Changes:
File: src/app/components/contextmenu/contextmenu.ts

Removed: (click)="itemClick($event, child)" [ngClass]="{'p-menuitem-link':true,'p-disabled':child.disabled}"
Added:   (click)="onItemClick($event, child)" [ngClass]="{'p-menuitem-link':true,'p-disabled':child.disabled}"

-------------------
Commit: eef45d85e
Date: 2020-10-08 16:29:09 +0300
Message: Fixed #9379 - Align tiered menu behavior with menubar

Class Changes:
File: src/app/components/tieredmenu/tieredmenu.ts

Removed: <a *ngIf="!child.routerLink" [attr.href]="child.url" class="p-menuitem-link" [attr.target]="child.target" [attr.tabindex]="child.disabled ? null : '0'" [attr.title]="child.title" [attr.id]="child.id"
Added:   [ngClass]="{'p-menuitem-link':true,'p-disabled':child.disabled}" [ngStyle]="child.style" [class]="child.styleClass"

Removed: class="p-menuitem-link" [attr.target]="child.target" [attr.title]="child.title" [attr.id]="child.id"
Added:   (click)="onItemClick($event, child)" [ngClass]="{'p-menuitem-link':true,'p-disabled':child.disabled}" [ngStyle]="child.style" [class]="child.styleClass"

-------------------
Commit: 88cd055b8
Date: 2020-09-29 10:58:04 +0300
Message: Refactor #9324 - For TieredMenu

Class Changes:
File: src/app/components/tieredmenu/tieredmenu.ts

Removed: <a *ngIf="!child.routerLink" [attr.href]="child.url" class="p-menuitem-link" [attr.target]="child.target" [attr.tabindex]="child.disabled ? null : '0'" [attr.title]="child.title" [attr.id]="child.id"

-------------------
Commit: fbf726602
Date: 2020-09-29 10:57:54 +0300
Message: Refactor #9324 - For SlideMenu

Class Changes:
File: src/app/components/slidemenu/slidemenu.ts

Removed: [routerLinkActiveOptions]="child.routerLinkActiveOptions||{exact:false}" [href]="child.url" class="p-menuitem-link"

-------------------
Commit: bef4f7503
Date: 2020-09-29 10:57:18 +0300
Message: Refactor #9324 - For Menu

Class Changes:
File: src/app/components/menu/menu.ts

Removed: [routerLinkActiveOptions]="item.routerLinkActiveOptions||{exact:false}" class="p-menuitem-link" [attr.target]="item.target" [attr.id]="item.id" [attr.tabindex]="item.disabled ? null : '0'"

-------------------
Commit: 5be0aa8e8
Date: 2020-08-20 16:21:35 +0300
Message: Refactor steps

Class Changes:
File: src/app/components/steps/steps.ts

Removed: <a *ngIf="!isRouterLink(item); else elseBlock" [routerLink]="item.routerLink" [queryParams]="item.queryParams" role="presentation" [routerLinkActive]="'p-menuitem-link-active'" [routerLinkActiveOptions]="item.routerLinkActiveOptions||{exact:false}" class="p-menuitem-link"
Added:   <a *ngIf="isClickableRouterLink(item); else elseBlock" [routerLink]="item.routerLink" [queryParams]="item.queryParams" role="presentation" [routerLinkActive]="'p-menuitem-link-active'" [routerLinkActiveOptions]="item.routerLinkActiveOptions||{exact:false}" class="p-menuitem-link"

-------------------
Commit: b8137c7e9
Date: 2020-08-20 12:37:02 +0300
Message: Fixed #9174 - Enhance Steps RouterNavigation

Class Changes:
File: src/app/components/steps/steps.ts

Removed: <a *ngIf="!item.routerLink" [attr.href]="item.url" class="p-menuitem-link" role="presentation" (click)="itemClick($event, item, i)" (keydown.enter)="itemClick($event, item, i)" [attr.target]="item.target" [attr.id]="item.id"

Removed: <a *ngIf="item.routerLink" [routerLink]="item.routerLink" [queryParams]="item.queryParams" role="presentation" [routerLinkActive]="'p-menuitem-link-active'" [routerLinkActiveOptions]="item.routerLinkActiveOptions||{exact:false}" class="p-menuitem-link"
Added:   <a *ngIf="!isRouterLink(item); else elseBlock" [routerLink]="item.routerLink" [queryParams]="item.queryParams" role="presentation" [routerLinkActive]="'p-menuitem-link-active'" [routerLinkActiveOptions]="item.routerLinkActiveOptions||{exact:false}" class="p-menuitem-link"

Added:   <a [attr.href]="item.url" class="p-menuitem-link" role="presentation" (click)="itemClick($event, item, i)" (keydown.enter)="itemClick($event, item, i)" [attr.target]="item.target" [attr.id]="item.id"

-------------------
Commit: 5ceb9c7d0
Date: 2020-08-19 19:37:27 +0300
Message: Fixed #9171 - StepsDemo Update

Class Changes:
File: src/app/showcase/components/steps/stepsdemo.html

Removed: .p-steps.steps-custom .p-steps-item .p-menuitem-link &#123;

-------------------
Commit: 768a46792
Date: 2020-08-14 12:24:27 +0300
Message: Update menubar.spec.ts

Class Changes:
File: src/app/components/menubar/menubar.spec.ts

Added:   const secondParentEl = parentEl.queryAll(By.css('.p-menuitem-link'))[1];

Added:   const firstSubItem = firstSubmenuList.query(By.css('.p-menuitem-link'));

-------------------
Commit: 3642a0b89
Date: 2020-08-14 12:24:14 +0300
Message: Fixed #9127 - Menubar not working on mobile devices

Class Changes:
File: src/app/components/menubar/menubar.ts

Removed: (click)="itemClick($event, child)" [ngClass]="{'p-menuitem-link':true,'p-disabled':child.disabled}" [ngStyle]="child.style" [class]="child.styleClass"
Added:   (click)="onItemClick($event, child)" [ngClass]="{'p-menuitem-link':true,'p-disabled':child.disabled}" [ngStyle]="child.style" [class]="child.styleClass"

-------------------
Commit: d91490512
Date: 2020-08-11 10:46:10 +0300
Message: #9116 - Unit tests should be pass for PanelMenu

Class Changes:
File: src/app/components/panelmenu/panelmenu.spec.ts

Added:   const panelHeaderLinkEl = fixture.debugElement.query(By.css('.p-menuitem-link'));

-------------------
Commit: 8eebe5cfc
Date: 2020-08-06 22:39:41 +0300
Message: #9116 - Unit tests should be pass for Menu

Class Changes:
File: src/app/components/menu/menu.spec.ts

Added:   const menuItemLink = fixture.debugElement.query(By.css('.p-menuitem-link'));

Added:   const menuItem = fixture.debugElement.query(By.css('.p-menuitem-link'));

-------------------
Commit: 9418878a8
Date: 2020-07-27 17:21:36 +0300
Message: TabMenu demo update

Class Changes:
File: src/app/showcase/components/tabmenu/tabmenudemo.html

Added:   <td>p-menuitem-link</td>

-------------------
Commit: e4e8c1ba3
Date: 2020-07-27 15:08:02 +0300
Message: Steps demo update

Class Changes:
File: src/app/showcase/components/steps/stepsdemo.html

Added:   .p-steps.steps-custom .p-steps-item .p-menuitem-link &#123;

-------------------
Commit: c3aa2c489
Date: 2020-07-24 19:13:06 +0300
Message: Reimplemented splitbutton overlay with the menu component

Class Changes:
File: src/app/components/splitbutton/splitbutton.ts

Removed: <a *ngIf="!item.routerLink" [attr.href]="item.url" class="p-menuitem-link" [attr.target]="item.target" role="menuitem"

Removed: class="p-menuitem-link p" [attr.target]="item.target" [ngClass]="{'p-disabled':item.disabled}" (click)="itemClick($event, item)">

-------------------
Commit: a797dae12
Date: 2020-07-24 17:56:55 +0300
Message: Add ripple to components

Class Changes:
File: src/app/components/contextmenu/contextmenu.ts

Removed: [ngClass]="{'p-menuitem-link':true,'p-disabled':child.disabled}" [ngStyle]="child.style" [class]="child.styleClass"
Added:   [ngClass]="{'p-menuitem-link':true,'p-disabled':child.disabled}" [ngStyle]="child.style" [class]="child.styleClass" pRipple

Removed: [ngClass]="{'p-menuitem-link':true,'p-disabled':category.disabled}" [ngStyle]="category.style" [class]="category.styleClass">
Added:   [ngClass]="{'p-menuitem-link':true,'p-disabled':category.disabled}" [ngStyle]="category.style" [class]="category.styleClass" pRipple>

-------------------
Commit: 701006eff
Date: 2020-07-23 18:31:43 +0300
Message: Implemented megamenu behavior similar to menubar

Class Changes:
File: src/app/components/megamenu/megamenu.ts

Removed: (click)="itemClick($event, category)" [ngClass]="{'p-menuitem-link':true,'p-disabled':category.disabled}" [ngStyle]="category.style" [class]="category.styleClass"
Added:   (click)="onCategoryClick($event, category)" [ngClass]="{'p-menuitem-link':true,'p-disabled':category.disabled}" [ngStyle]="category.style" [class]="category.styleClass"

-------------------
Commit: 90b27da1a
Date: 2020-07-22 17:18:53 +0300
Message: Migrated splitbutton to PrimeOne

Class Changes:
File: src/app/components/splitbutton/splitbutton.ts

Added:   <a *ngIf="!item.routerLink" [attr.href]="item.url" class="p-menuitem-link" [attr.target]="item.target" role="menuitem"

Added:   class="p-menuitem-link p" [attr.target]="item.target" [ngClass]="{'p-disabled':item.disabled}" (click)="itemClick($event, item)">

-------------------
Commit: abfd7cf99
Date: 2020-07-21 19:16:51 +0300
Message: Migration to PrimeOne

Class Changes:
File: src/app/components/panelmenu/panelmenu.ts

Added:   <a *ngIf="child.routerLink" [routerLink]="child.routerLink" [queryParams]="child.queryParams" [routerLinkActive]="'p-menuitem-link-active'" [routerLinkActiveOptions]="child.routerLinkActiveOptions||{exact:false}" class="p-menuitem-link"

Removed: class="p-menuitem-link ui-corner-all" [attr.target]="child.target" [attr.title]="child.title" [attr.id]="child.id"
Added:   class="p-menuitem-link" [attr.target]="child.target" [attr.title]="child.title" [attr.id]="child.id"

-------------------
Commit: c5f3d87e3
Date: 2020-07-16 13:56:07 +0300
Message: Migrated menus to primeone

Class Changes:
File: src/app/components/breadcrumb/breadcrumb.css

Added:   .p-breadcrumb .p-menuitem-link {

Added:   <a *ngIf="!home.routerLink" [href]="home.url ? home.url : null" class="p-menuitem-link" (click)="itemClick($event, home)"

Added:   <a *ngIf="home.routerLink" [routerLink]="home.routerLink" [queryParams]="home.queryParams" [routerLinkActive]="'p-menuitem-link-active'" [routerLinkActiveOptions]="home.routerLinkActiveOptions||{exact:false}" class="p-menuitem-link" (click)="itemClick($event, home)"

Added:   <a *ngIf="!item.routerLink" [attr.href]="item.url ? item.url : null" class="p-menuitem-link" (click)="itemClick($event, item)"

Added:   <a *ngIf="item.routerLink" [routerLink]="item.routerLink" [queryParams]="item.queryParams" [routerLinkActive]="'p-menuitem-link-active'"  [routerLinkActiveOptions]="item.routerLinkActiveOptions||{exact:false}" class="p-menuitem-link" (click)="itemClick($event, item)"

Added:   .p-contextmenu .p-menuitem-link {

Added:   .p-contextmenu .p-menuitem-link .p-submenu-icon {

Added:   [ngClass]="{'p-menuitem-link':true,'p-disabled':child.disabled}" [ngStyle]="child.style" [class]="child.styleClass"

Added:   (click)="itemClick($event, child)" [ngClass]="{'p-menuitem-link':true,'p-disabled':child.disabled}"

Added:   .p-megamenu .p-menuitem-link {

Added:   .p-megamenu-vertical .p-megamenu-root-list > .p-menuitem > .p-menuitem-link > .p-submenu-icon {

Added:   [ngClass]="{'p-menuitem-link':true,'p-disabled':category.disabled}" [ngStyle]="category.style" [class]="category.styleClass">

Added:   (click)="itemClick($event, category)" [ngClass]="{'p-menuitem-link':true,'p-disabled':category.disabled}" [ngStyle]="category.style" [class]="category.styleClass"

Added:   <a *ngIf="!item.routerLink" role="menuitem" [href]="item.url||'#'" class="p-menuitem-link" [attr.target]="item.target" [attr.title]="item.title" [attr.id]="item.id" [attr.tabindex]="item.tabindex ? item.tabindex : '0'"

Added:   [routerLinkActiveOptions]="item.routerLinkActiveOptions||{exact:false}" class="p-menuitem-link"

Added:   .p-menu .p-menuitem-link {

Added:   <a *ngIf="!item.routerLink" [attr.href]="item.url||null" class="p-menuitem-link" [attr.tabindex]="item.disabled ? null : '0'" [attr.data-automationid]="item.automationId" [attr.target]="item.target" [attr.title]="item.title" [attr.id]="item.id"

Added:   [routerLinkActiveOptions]="item.routerLinkActiveOptions||{exact:false}" class="p-menuitem-link" [attr.target]="item.target" [attr.id]="item.id" [attr.tabindex]="item.disabled ? null : '0'"

Added:   .p-menubar .p-menuitem-link {

Added:   .p-menubar .p-submenu-list .p-menuitem-link .p-submenu-icon {

Added:   (click)="itemClick($event, child)" [ngClass]="{'p-menuitem-link':true,'p-disabled':child.disabled}" [ngStyle]="child.style" [class]="child.styleClass"

Added:   .p-panelmenu .p-menuitem-link {

Added:   <a *ngIf="!child.routerLink" [attr.href]="child.url" class="p-menuitem-link" [attr.tabindex]="!item.expanded ? null : child.disabled ? null : '0'" [attr.id]="child.id"

Added:   .p-steps-item .p-menuitem-link {

Added:   .p-steps-item.p-steps-current .p-menuitem-link {

Added:   <a *ngIf="!item.routerLink" [attr.href]="item.url" class="p-menuitem-link" role="presentation" (click)="itemClick($event, item, i)" (keydown.enter)="itemClick($event, item, i)" [attr.target]="item.target" [attr.id]="item.id"

Added:   <a *ngIf="item.routerLink" [routerLink]="item.routerLink" [queryParams]="item.queryParams" role="presentation" [routerLinkActive]="'p-menuitem-link-active'" [routerLinkActiveOptions]="item.routerLinkActiveOptions||{exact:false}" class="p-menuitem-link"

Added:   <a *ngIf="!item.routerLink" [attr.href]="item.url" class="p-menuitem-link" role="presentation" (click)="itemClick($event,item)" [attr.tabindex]="item.disabled ? null : '0'"

Added:   role="presentation" class="p-menuitem-link" (click)="itemClick($event,item)" [attr.tabindex]="item.disabled ? null : '0'"

Added:   .p-tieredmenu .p-menuitem-link {

Added:   .p-tieredmenu .p-menuitem-link .p-submenu-icon {

Added:   <a *ngIf="!child.routerLink" [attr.href]="child.url" class="p-menuitem-link" [attr.target]="child.target" [attr.tabindex]="child.disabled ? null : '0'" [attr.title]="child.title" [attr.id]="child.id"

Added:   class="p-menuitem-link ui-corner-all" [attr.target]="child.target" [attr.title]="child.title" [attr.id]="child.id"

