PrimeNG Changes for p-menubar-custom (v17-v19)
============================

-------------------
Commit: c953a33c1
Date: 2024-07-22 14:12:31 +0300
Message: Theming | Menubar

Class Changes:
File: /dev/null

Removed: .p-menubar .p-menubar-custom,

-------------------
Commit: 833d4ff08
Date: 2023-09-25 22:58:44 +0300
Message: Refactor #13737

Class Changes:
File: src/app/components/menubar/menubar.css

Removed: .p-menubar .p-menubar-custom,

-------------------
Commit: c5f3d87e3
Date: 2020-07-16 13:56:07 +0300
Message: Migrated menus to primeone

Class Changes:
File: src/app/components/menubar/menubar.css

Added:   .p-menubar .p-menubar-custom,

