PrimeNG Changes for p-menubar-end (v17-v19)
============================

-------------------
Commit: 73c9530b8
Date: 2024-12-13 02:53:27 +0300
Message: Menubar | Fix pTemplate issue

Class Changes:
File: packages/primeng/src/menubar/menubar.ts

Removed: <div class="p-menubar-end" *ngIf="endTemplate; else legacy">
Added:   <div class="p-menubar-end" *ngIf="endTemplate || _endTemplate; else legacy">

-------------------
Commit: cf0703166
Date: 2024-11-21 11:56:09 +0300
Message: Fixed #16793 - RTL Support (#16799)

Class Changes:
File: packages/primeng/src/menubar/style/menubarstyle.ts

Potential Class Replacements:
Removed: p-menubar-submenu
Added:   p-menubar-submenu-icon
Similarity: 75%

Removed: p-menubar-item-active
Added:   p-menubar-item
Similarity: 75%

Removed: p-menubar-item-active
Added:   p-menubar-item-content
Similarity: 75%

Removed: p-menubar-submenu
Added:   p-menubar-mobile
Similarity: 67%

Removed: p-menubar-submenu
Added:   p-menubar-item
Similarity: 67%

Removed: p-menubar-submenu
Added:   p-menubar-item-active
Similarity: 50%

Removed: p-menubar-submenu
Added:   p-menubar-root-list
Similarity: 50%

Removed: p-menubar-submenu
Added:   p-menubar-item-content
Similarity: 50%

Removed: p-menubar-item-active
Added:   p-menubar-submenu
Similarity: 50%

Removed: p-menubar-item-active
Added:   p-menubar-submenu-icon
Similarity: 50%

Removed: p-menubar-item-active
Added:   p-menubar-mobile
Similarity: 50%

Removed: p-menubar-item-active
Added:   p-menubar-root-list
Similarity: 50%

Added:   .p-menubar-end:dir(rtl) {

-------------------
Commit: 1967524bd
Date: 2024-11-14 17:22:38 +0300
Message: update dock | basic & advanced doc

Class Changes:
File: apps/showcase/doc/dock/advanceddoc.ts

Removed: .p-menubar-end {

-------------------
Commit: e4e6219d7
Date: 2024-11-08 10:30:42 +0000
Message: init

Class Changes:
File: packages/primeng/src/menubar/style/menubarstyle.ts

Removed: end: 'p-menubar-end',
Added:   end: 'p-menubar-end'

Removed: end = 'p-menubar-end',
Added:   end = 'p-menubar-end'

-------------------
Commit: 4481b74a5
Date: 2024-09-22 21:04:00 +0300
Message: Update documentation, make standalone docs, add theming docs

Class Changes:
File: src/app/components/menubar/style/menubarstyle.ts

Added:   end = 'p-menubar-end',

-------------------
Commit: de8ddf8b4
Date: 2024-09-04 00:48:46 +0300
Message: code format

Class Changes:
File: src/app/components/menubar/style/menubarstyle.ts

Removed: end: 'p-menubar-end'
Added:   end: 'p-menubar-end',

-------------------
Commit: c953a33c1
Date: 2024-07-22 14:12:31 +0300
Message: Theming | Menubar

Class Changes:
File: /dev/null

Potential Class Replacements:
Removed: p-menubar-custom
Added:   p-menubar-start
Similarity: 67%

Removed: p-menubar-custom
Added:   p-menubar-submenu
Similarity: 67%

Removed: p-menubar-custom
Added:   p-menubar-item
Similarity: 67%

Removed: p-menubar-custom
Added:   p-menubar-separator
Similarity: 67%

Removed: p-menubar-custom
Added:   p-menubar-button
Similarity: 67%

Removed: p-menubar-custom
Added:   p-menubar-mobile
Similarity: 67%

Removed: p-menubar-button
Added:   p-menubar-start
Similarity: 67%

Removed: p-menubar-button
Added:   p-menubar-submenu
Similarity: 67%

Removed: p-menubar-button
Added:   p-menubar-item
Similarity: 67%

Removed: p-menubar-button
Added:   p-menubar-separator
Similarity: 67%

Removed: p-menubar-button
Added:   p-menubar-mobile
Similarity: 67%

Removed: p-menubar-root-list
Added:   p-menubar-start
Similarity: 50%

Removed: p-menubar-root-list
Added:   p-menubar-submenu
Similarity: 50%

Removed: p-menubar-root-list
Added:   p-menubar-item
Similarity: 50%

Removed: p-menubar-root-list
Added:   p-menubar-item-content
Similarity: 50%

Removed: p-menubar-root-list
Added:   p-menubar-item-link
Similarity: 50%

Removed: p-menubar-root-list
Added:   p-menubar-item-label
Similarity: 50%

Removed: p-menubar-root-list
Added:   p-menubar-item-icon
Similarity: 50%

Removed: p-menubar-root-list
Added:   p-menubar-submenu-icon
Similarity: 50%

Removed: p-menubar-root-list
Added:   p-menubar-item-active
Similarity: 50%

Removed: p-menubar-root-list
Added:   p-menubar-separator
Similarity: 50%

Removed: p-menubar-root-list
Added:   p-menubar-button
Similarity: 50%

Removed: p-menubar-root-list
Added:   p-menubar-mobile
Similarity: 50%

Removed: p-menubar-root-list
Added:   p-menubar-mobile-active
Similarity: 50%

Removed: p-menubar-custom
Added:   p-menubar-root-list
Similarity: 50%

Removed: p-menubar-custom
Added:   p-menubar-item-content
Similarity: 50%

Removed: p-menubar-custom
Added:   p-menubar-item-link
Similarity: 50%

Removed: p-menubar-custom
Added:   p-menubar-item-label
Similarity: 50%

Removed: p-menubar-custom
Added:   p-menubar-item-icon
Similarity: 50%

Removed: p-menubar-custom
Added:   p-menubar-submenu-icon
Similarity: 50%

Removed: p-menubar-custom
Added:   p-menubar-item-active
Similarity: 50%

Removed: p-menubar-custom
Added:   p-menubar-mobile-active
Similarity: 50%

Removed: p-menubar-button
Added:   p-menubar-root-list
Similarity: 50%

Removed: p-menubar-button
Added:   p-menubar-item-content
Similarity: 50%

Removed: p-menubar-button
Added:   p-menubar-item-link
Similarity: 50%

Removed: p-menubar-button
Added:   p-menubar-item-label
Similarity: 50%

Removed: p-menubar-button
Added:   p-menubar-item-icon
Similarity: 50%

Removed: p-menubar-button
Added:   p-menubar-submenu-icon
Similarity: 50%

Removed: p-menubar-button
Added:   p-menubar-item-active
Similarity: 50%

Removed: p-menubar-button
Added:   p-menubar-mobile-active
Similarity: 50%

Removed: .p-menubar .p-menubar-end {
Added:   .p-menubar-end {

Added:   end: 'p-menubar-end'

-------------------
Commit: b91877221
Date: 2024-07-03 15:51:33 +0300
Message: remove styles

Class Changes:
File: /dev/null

Removed: .p-menubar-end {

Removed: end: 'p-menubar-end'

-------------------
Commit: 196523bbf
Date: 2024-06-12 17:36:47 +0300
Message: Fill style folders

Class Changes:
File: src/app/components/menubar/style/menubarstyle.ts

Added:   .p-menubar-end {

Added:   end: 'p-menubar-end'

-------------------
Commit: 081e0abb4
Date: 2024-04-25 16:14:46 +0300
Message: updated dock examples

Class Changes:
File: src/app/showcase/doc/dock/advanceddoc.ts

Added:   .p-menubar-end {

-------------------
Commit: 833d4ff08
Date: 2023-09-25 22:58:44 +0300
Message: Refactor #13737

Class Changes:
File: src/app/components/menubar/menubar.css

Potential Class Replacements:
Removed: p-menubar-custom
Added:   p-menubar-button
Similarity: 67%

Removed: p-menubar-button
Added:   p-menubar-custom
Similarity: 67%

Removed: p-menubar-root-list
Added:   p-menubar-custom
Similarity: 50%

Removed: p-menubar-root-list
Added:   p-menubar-button
Similarity: 50%

Removed: p-menubar-custom
Added:   p-menubar-root-list
Similarity: 50%

Removed: p-menubar-button
Added:   p-menubar-root-list
Similarity: 50%

Removed: .p-menubar .p-menubar-end {

-------------------
Commit: f5129d8cc
Date: 2023-03-16 11:51:52 +0300
Message: New documentation

Class Changes:
File: /dev/null

Removed: .p-menubar-end {

-------------------
Commit: 4b857acf9
Date: 2021-07-30 11:02:34 +0300
Message: Dock Demo

Class Changes:
File: src/app/showcase/components/dock/dockdemo.scss

Added:   .p-menubar-end {

-------------------
Commit: 0d7e0442e
Date: 2020-07-23 18:17:49 +0300
Message: Menubar demo update

Class Changes:
File: src/app/components/menubar/menubar.ts

Removed: <div class="p-menubar-end">
Added:   <div class="p-menubar-end" *ngIf="endTemplate; else legacy">

-------------------
Commit: c5f3d87e3
Date: 2020-07-16 13:56:07 +0300
Message: Migrated menus to primeone

Class Changes:
File: src/app/components/menubar/menubar.css

Added:   .p-menubar .p-menubar-end {

Added:   <div class="p-menubar-end">


============================
CHANGE PATTERN SUMMARY
============================


============================
POTENTIAL CLASS REPLACEMENTS
============================

p-menubar-submenu -> p-menubar-submenu-icon (75% confidence)
Found in 1 commits:
- cf0703166: Fixed #16793 - RTL Support (#16799) (2024-11-21 11:56:09 +0300)

p-menubar-item-active -> p-menubar-item (75% confidence)
Found in 1 commits:
- cf0703166: Fixed #16793 - RTL Support (#16799) (2024-11-21 11:56:09 +0300)

p-menubar-item-active -> p-menubar-item-content (75% confidence)
Found in 1 commits:
- cf0703166: Fixed #16793 - RTL Support (#16799) (2024-11-21 11:56:09 +0300)

p-menubar-submenu -> p-menubar-mobile (67% confidence)
Found in 1 commits:
- cf0703166: Fixed #16793 - RTL Support (#16799) (2024-11-21 11:56:09 +0300)

p-menubar-submenu -> p-menubar-item (67% confidence)
Found in 1 commits:
- cf0703166: Fixed #16793 - RTL Support (#16799) (2024-11-21 11:56:09 +0300)

p-menubar-custom -> p-menubar-start (67% confidence)
Found in 1 commits:
- c953a33c1: Theming | Menubar (2024-07-22 14:12:31 +0300)

p-menubar-custom -> p-menubar-submenu (67% confidence)
Found in 1 commits:
- c953a33c1: Theming | Menubar (2024-07-22 14:12:31 +0300)

p-menubar-custom -> p-menubar-item (67% confidence)
Found in 1 commits:
- c953a33c1: Theming | Menubar (2024-07-22 14:12:31 +0300)

p-menubar-custom -> p-menubar-separator (67% confidence)
Found in 1 commits:
- c953a33c1: Theming | Menubar (2024-07-22 14:12:31 +0300)

p-menubar-custom -> p-menubar-button (67% confidence)
Found in 2 commits:
- c953a33c1: Theming | Menubar (2024-07-22 14:12:31 +0300)
- 833d4ff08: Refactor #13737 (2023-09-25 22:58:44 +0300)

p-menubar-custom -> p-menubar-mobile (67% confidence)
Found in 1 commits:
- c953a33c1: Theming | Menubar (2024-07-22 14:12:31 +0300)

p-menubar-button -> p-menubar-start (67% confidence)
Found in 1 commits:
- c953a33c1: Theming | Menubar (2024-07-22 14:12:31 +0300)

p-menubar-button -> p-menubar-submenu (67% confidence)
Found in 1 commits:
- c953a33c1: Theming | Menubar (2024-07-22 14:12:31 +0300)

p-menubar-button -> p-menubar-item (67% confidence)
Found in 1 commits:
- c953a33c1: Theming | Menubar (2024-07-22 14:12:31 +0300)

p-menubar-button -> p-menubar-separator (67% confidence)
Found in 1 commits:
- c953a33c1: Theming | Menubar (2024-07-22 14:12:31 +0300)

p-menubar-button -> p-menubar-mobile (67% confidence)
Found in 1 commits:
- c953a33c1: Theming | Menubar (2024-07-22 14:12:31 +0300)

p-menubar-button -> p-menubar-custom (67% confidence)
Found in 1 commits:
- 833d4ff08: Refactor #13737 (2023-09-25 22:58:44 +0300)

p-menubar-submenu -> p-menubar-item-active (50% confidence)
Found in 1 commits:
- cf0703166: Fixed #16793 - RTL Support (#16799) (2024-11-21 11:56:09 +0300)

p-menubar-submenu -> p-menubar-root-list (50% confidence)
Found in 1 commits:
- cf0703166: Fixed #16793 - RTL Support (#16799) (2024-11-21 11:56:09 +0300)

p-menubar-submenu -> p-menubar-item-content (50% confidence)
Found in 1 commits:
- cf0703166: Fixed #16793 - RTL Support (#16799) (2024-11-21 11:56:09 +0300)

p-menubar-item-active -> p-menubar-submenu (50% confidence)
Found in 1 commits:
- cf0703166: Fixed #16793 - RTL Support (#16799) (2024-11-21 11:56:09 +0300)

p-menubar-item-active -> p-menubar-submenu-icon (50% confidence)
Found in 1 commits:
- cf0703166: Fixed #16793 - RTL Support (#16799) (2024-11-21 11:56:09 +0300)

p-menubar-item-active -> p-menubar-mobile (50% confidence)
Found in 1 commits:
- cf0703166: Fixed #16793 - RTL Support (#16799) (2024-11-21 11:56:09 +0300)

p-menubar-item-active -> p-menubar-root-list (50% confidence)
Found in 1 commits:
- cf0703166: Fixed #16793 - RTL Support (#16799) (2024-11-21 11:56:09 +0300)

p-menubar-root-list -> p-menubar-start (50% confidence)
Found in 1 commits:
- c953a33c1: Theming | Menubar (2024-07-22 14:12:31 +0300)

p-menubar-root-list -> p-menubar-submenu (50% confidence)
Found in 1 commits:
- c953a33c1: Theming | Menubar (2024-07-22 14:12:31 +0300)

p-menubar-root-list -> p-menubar-item (50% confidence)
Found in 1 commits:
- c953a33c1: Theming | Menubar (2024-07-22 14:12:31 +0300)

p-menubar-root-list -> p-menubar-item-content (50% confidence)
Found in 1 commits:
- c953a33c1: Theming | Menubar (2024-07-22 14:12:31 +0300)

p-menubar-root-list -> p-menubar-item-link (50% confidence)
Found in 1 commits:
- c953a33c1: Theming | Menubar (2024-07-22 14:12:31 +0300)

p-menubar-root-list -> p-menubar-item-label (50% confidence)
Found in 1 commits:
- c953a33c1: Theming | Menubar (2024-07-22 14:12:31 +0300)

p-menubar-root-list -> p-menubar-item-icon (50% confidence)
Found in 1 commits:
- c953a33c1: Theming | Menubar (2024-07-22 14:12:31 +0300)

p-menubar-root-list -> p-menubar-submenu-icon (50% confidence)
Found in 1 commits:
- c953a33c1: Theming | Menubar (2024-07-22 14:12:31 +0300)

p-menubar-root-list -> p-menubar-item-active (50% confidence)
Found in 1 commits:
- c953a33c1: Theming | Menubar (2024-07-22 14:12:31 +0300)

p-menubar-root-list -> p-menubar-separator (50% confidence)
Found in 1 commits:
- c953a33c1: Theming | Menubar (2024-07-22 14:12:31 +0300)

p-menubar-root-list -> p-menubar-button (50% confidence)
Found in 2 commits:
- c953a33c1: Theming | Menubar (2024-07-22 14:12:31 +0300)
- 833d4ff08: Refactor #13737 (2023-09-25 22:58:44 +0300)

p-menubar-root-list -> p-menubar-mobile (50% confidence)
Found in 1 commits:
- c953a33c1: Theming | Menubar (2024-07-22 14:12:31 +0300)

p-menubar-root-list -> p-menubar-mobile-active (50% confidence)
Found in 1 commits:
- c953a33c1: Theming | Menubar (2024-07-22 14:12:31 +0300)

p-menubar-custom -> p-menubar-root-list (50% confidence)
Found in 2 commits:
- c953a33c1: Theming | Menubar (2024-07-22 14:12:31 +0300)
- 833d4ff08: Refactor #13737 (2023-09-25 22:58:44 +0300)

p-menubar-custom -> p-menubar-item-content (50% confidence)
Found in 1 commits:
- c953a33c1: Theming | Menubar (2024-07-22 14:12:31 +0300)

p-menubar-custom -> p-menubar-item-link (50% confidence)
Found in 1 commits:
- c953a33c1: Theming | Menubar (2024-07-22 14:12:31 +0300)

p-menubar-custom -> p-menubar-item-label (50% confidence)
Found in 1 commits:
- c953a33c1: Theming | Menubar (2024-07-22 14:12:31 +0300)

p-menubar-custom -> p-menubar-item-icon (50% confidence)
Found in 1 commits:
- c953a33c1: Theming | Menubar (2024-07-22 14:12:31 +0300)

p-menubar-custom -> p-menubar-submenu-icon (50% confidence)
Found in 1 commits:
- c953a33c1: Theming | Menubar (2024-07-22 14:12:31 +0300)

p-menubar-custom -> p-menubar-item-active (50% confidence)
Found in 1 commits:
- c953a33c1: Theming | Menubar (2024-07-22 14:12:31 +0300)

p-menubar-custom -> p-menubar-mobile-active (50% confidence)
Found in 1 commits:
- c953a33c1: Theming | Menubar (2024-07-22 14:12:31 +0300)

p-menubar-button -> p-menubar-root-list (50% confidence)
Found in 2 commits:
- c953a33c1: Theming | Menubar (2024-07-22 14:12:31 +0300)
- 833d4ff08: Refactor #13737 (2023-09-25 22:58:44 +0300)

p-menubar-button -> p-menubar-item-content (50% confidence)
Found in 1 commits:
- c953a33c1: Theming | Menubar (2024-07-22 14:12:31 +0300)

p-menubar-button -> p-menubar-item-link (50% confidence)
Found in 1 commits:
- c953a33c1: Theming | Menubar (2024-07-22 14:12:31 +0300)

p-menubar-button -> p-menubar-item-label (50% confidence)
Found in 1 commits:
- c953a33c1: Theming | Menubar (2024-07-22 14:12:31 +0300)

p-menubar-button -> p-menubar-item-icon (50% confidence)
Found in 1 commits:
- c953a33c1: Theming | Menubar (2024-07-22 14:12:31 +0300)

p-menubar-button -> p-menubar-submenu-icon (50% confidence)
Found in 1 commits:
- c953a33c1: Theming | Menubar (2024-07-22 14:12:31 +0300)

p-menubar-button -> p-menubar-item-active (50% confidence)
Found in 1 commits:
- c953a33c1: Theming | Menubar (2024-07-22 14:12:31 +0300)

p-menubar-button -> p-menubar-mobile-active (50% confidence)
Found in 1 commits:
- c953a33c1: Theming | Menubar (2024-07-22 14:12:31 +0300)

p-menubar-root-list -> p-menubar-custom (50% confidence)
Found in 1 commits:
- 833d4ff08: Refactor #13737 (2023-09-25 22:58:44 +0300)

