PrimeNG Changes for p-menubar-button (v17-v19)
============================

-------------------
Commit: 276cd3f1a
Date: 2024-10-19 20:40:40 +0300
Message: Add material theme

Class Changes:
File: src/app/components/themes/material/menubar/index.ts

Added:   .p-menubar-button:focus-visible {

-------------------
Commit: 4481b74a5
Date: 2024-09-22 21:04:00 +0300
Message: Update documentation, make standalone docs, add theming docs

Class Changes:
File: src/app/components/menubar/style/menubarstyle.ts

Added:   button = 'p-menubar-button',

-------------------
Commit: c953a33c1
Date: 2024-07-22 14:12:31 +0300
Message: Theming | Menubar

Class Changes:
File: /dev/null

Potential Class Replacements:
Removed: p-menubar-custom
Added:   p-menubar-start
Similarity: 67%

Removed: p-menubar-custom
Added:   p-menubar-submenu
Similarity: 67%

Removed: p-menubar-custom
Added:   p-menubar-item
Similarity: 67%

Removed: p-menubar-custom
Added:   p-menubar-separator
Similarity: 67%

Removed: p-menubar-custom
Added:   p-menubar-end
Similarity: 67%

Removed: p-menubar-custom
Added:   p-menubar-mobile
Similarity: 67%

Removed: p-menubar-end
Added:   p-menubar-start
Similarity: 67%

Removed: p-menubar-end
Added:   p-menubar-submenu
Similarity: 67%

Removed: p-menubar-end
Added:   p-menubar-item
Similarity: 67%

Removed: p-menubar-end
Added:   p-menubar-separator
Similarity: 67%

Removed: p-menubar-end
Added:   p-menubar-mobile
Similarity: 67%

Removed: p-menubar-root-list
Added:   p-menubar-start
Similarity: 50%

Removed: p-menubar-root-list
Added:   p-menubar-submenu
Similarity: 50%

Removed: p-menubar-root-list
Added:   p-menubar-item
Similarity: 50%

Removed: p-menubar-root-list
Added:   p-menubar-item-content
Similarity: 50%

Removed: p-menubar-root-list
Added:   p-menubar-item-link
Similarity: 50%

Removed: p-menubar-root-list
Added:   p-menubar-item-label
Similarity: 50%

Removed: p-menubar-root-list
Added:   p-menubar-item-icon
Similarity: 50%

Removed: p-menubar-root-list
Added:   p-menubar-submenu-icon
Similarity: 50%

Removed: p-menubar-root-list
Added:   p-menubar-item-active
Similarity: 50%

Removed: p-menubar-root-list
Added:   p-menubar-separator
Similarity: 50%

Removed: p-menubar-root-list
Added:   p-menubar-end
Similarity: 50%

Removed: p-menubar-root-list
Added:   p-menubar-mobile
Similarity: 50%

Removed: p-menubar-root-list
Added:   p-menubar-mobile-active
Similarity: 50%

Removed: p-menubar-custom
Added:   p-menubar-root-list
Similarity: 50%

Removed: p-menubar-custom
Added:   p-menubar-item-content
Similarity: 50%

Removed: p-menubar-custom
Added:   p-menubar-item-link
Similarity: 50%

Removed: p-menubar-custom
Added:   p-menubar-item-label
Similarity: 50%

Removed: p-menubar-custom
Added:   p-menubar-item-icon
Similarity: 50%

Removed: p-menubar-custom
Added:   p-menubar-submenu-icon
Similarity: 50%

Removed: p-menubar-custom
Added:   p-menubar-item-active
Similarity: 50%

Removed: p-menubar-custom
Added:   p-menubar-mobile-active
Similarity: 50%

Removed: p-menubar-end
Added:   p-menubar-root-list
Similarity: 50%

Removed: p-menubar-end
Added:   p-menubar-item-content
Similarity: 50%

Removed: p-menubar-end
Added:   p-menubar-item-link
Similarity: 50%

Removed: p-menubar-end
Added:   p-menubar-item-label
Similarity: 50%

Removed: p-menubar-end
Added:   p-menubar-item-icon
Similarity: 50%

Removed: p-menubar-end
Added:   p-menubar-submenu-icon
Similarity: 50%

Removed: p-menubar-end
Added:   p-menubar-item-active
Similarity: 50%

Removed: p-menubar-end
Added:   p-menubar-mobile-active
Similarity: 50%

Removed: .p-menubar-button {
Added:   .p-menubar-button:hover {

Added:   .p-menubar-button:focus-visible {

Added:   .p-menubar-mobile .p-menubar-button {

Added:   button: 'p-menubar-button',

-------------------
Commit: b91877221
Date: 2024-07-03 15:51:33 +0300
Message: remove styles

Class Changes:
File: /dev/null

Removed: .p-menubar-button {

Removed: .p-menubar-button:hover {

Removed: .p-menubar-button:focus-visible {

Removed: .p-menubar-mobile .p-menubar-button {

Removed: button: 'p-menubar-button',

-------------------
Commit: 196523bbf
Date: 2024-06-12 17:36:47 +0300
Message: Fill style folders

Class Changes:
File: src/app/components/menubar/style/menubarstyle.ts

Added:   .p-menubar-button {

Added:   .p-menubar-button:hover {

Added:   .p-menubar-button:focus-visible {

Added:   .p-menubar-mobile .p-menubar-button {

Added:   button: 'p-menubar-button',

-------------------
Commit: 2e7ab4d3a
Date: 2024-03-18 16:39:37 +0300
Message: Add aura

Class Changes:
File: src/assets/components/themes/aura-dark-pink/theme.css

Added:   .p-menubar .p-menubar-button {

Added:   .p-menubar .p-menubar-button:hover {

Added:   .p-menubar .p-menubar-button:focus {

-------------------
Commit: 9f3fef0bd
Date: 2024-03-21 12:49:25 +0300
Message: Sync sass-theme

Class Changes:
File: src/assets/components/themes/aura-light-teal/theme.css

Added:   .p-menubar .p-menubar-button {

Added:   .p-menubar .p-menubar-button:hover {

Added:   .p-menubar .p-menubar-button:focus {

-------------------
Commit: 7377b9a40
Date: 2023-11-27 13:14:14 +0300
Message: Fixed broken themes

Class Changes:
File: src/assets/components/themes/lara-dark-amber/theme.css

Added:   .p-menubar .p-menubar-button {

Added:   .p-menubar .p-menubar-button:hover {

Added:   .p-menubar .p-menubar-button:focus {

-------------------
Commit: 9cf766386
Date: 2023-11-09 13:54:56 +0300
Message: Calendar | Update styles for accessibility

Class Changes:
File: src/assets/components/themes/lara-light-blue/theme.css

Potential Class Replacements:
Removed: p-menubar-root-list
Added:   p-menubar-mobile-active
Similarity: 50%

Removed: p-menubar-mobile-active
Added:   p-menubar-root-list
Similarity: 50%

Removed: .p-menubar .p-menubar-button {

Removed: .p-menubar .p-menubar-button:hover {

Removed: .p-menubar .p-menubar-button:focus {

-------------------
Commit: 93e002269
Date: 2023-11-09 13:19:11 +0300
Message: #13990 for Calendar

Class Changes:
File: src/assets/components/themes/lara-light-blue/theme.css

Potential Class Replacements:
Removed: p-menubar-root-list
Added:   p-menubar-mobile-active
Similarity: 50%

Removed: p-menubar-mobile-active
Added:   p-menubar-root-list
Similarity: 50%

Added:   .p-menubar .p-menubar-button {

Added:   .p-menubar .p-menubar-button:hover {

Added:   .p-menubar .p-menubar-button:focus {

-------------------
Commit: 73b950397
Date: 2023-09-26 14:50:59 +0300
Message: Sync primeng-sass-theme and refactor on https://github.com/primefaces/primeng/commit/2e19c52bcc8b00bb8023ed8ec346bcc8c0777749

Class Changes:
File: src/assets/components/themes/fluent-light/theme.css

Added:   .p-menubar .p-menubar-button {

Added:   .p-menubar .p-menubar-button:hover {

Added:   .p-menubar .p-menubar-button:focus {

-------------------
Commit: 2e19c52bc
Date: 2023-09-26 13:14:10 +0300
Message: Fixed #13306 - Add missing styling and sync primeng-sass-theme

Class Changes:
File: src/assets/components/themes/fluent-light/theme.css

Removed: .p-menubar .p-menubar-button {

Removed: .p-menubar .p-menubar-button:hover {

Removed: .p-menubar .p-menubar-button:focus {

-------------------
Commit: 833d4ff08
Date: 2023-09-25 22:58:44 +0300
Message: Refactor #13737

Class Changes:
File: src/app/components/menubar/menubar.css

Potential Class Replacements:
Removed: p-menubar-custom
Added:   p-menubar-end
Similarity: 67%

Removed: p-menubar-end
Added:   p-menubar-custom
Similarity: 67%

Removed: p-menubar-root-list
Added:   p-menubar-custom
Similarity: 50%

Removed: p-menubar-root-list
Added:   p-menubar-end
Similarity: 50%

Removed: p-menubar-custom
Added:   p-menubar-root-list
Similarity: 50%

Removed: p-menubar-end
Added:   p-menubar-root-list
Similarity: 50%

Removed: .p-menubar-button {

-------------------
Commit: bddeceb83
Date: 2023-07-26 12:22:24 +0300
Message: Code format

Class Changes:
File: src/app/components/menubar/menubar.ts

Removed: class="p-menubar-button"

-------------------
Commit: 2b5b33361
Date: 2023-07-05 04:16:40 +0300
Message: Accessibility | Menubar

Class Changes:
File: src/app/components/menubar/menubar.ts

Potential Class Replacements:
Removed: p-menubar-root-list
Added:   p-menubar-mobile-active
Similarity: 50%

Removed: p-menubar-mobile-active
Added:   p-menubar-root-list
Similarity: 50%

Removed: <a #menubutton tabindex="0" *ngIf="model && model.length > 0" class="p-menubar-button" (click)="toggle($event)">
Added:   class="p-menubar-button"

-------------------
Commit: 1d1c5d0e8
Date: 2023-01-27 11:30:38 +0300
Message: Add nano

Class Changes:
File: src/assets/components/themes/nano/theme.css

Added:   .p-menubar .p-menubar-button {

Added:   .p-menubar .p-menubar-button:hover {

Added:   .p-menubar .p-menubar-button:focus {

-------------------
Commit: 7a5429800
Date: 2023-01-27 11:30:09 +0300
Message: Add mira

Class Changes:
File: src/assets/components/themes/mira/theme.css

Added:   .p-menubar .p-menubar-button {

Added:   .p-menubar .p-menubar-button:hover {

Added:   .p-menubar .p-menubar-button:focus {

-------------------
Commit: 2fd964fa3
Date: 2023-01-27 11:24:46 +0300
Message: add viva dark

Class Changes:
File: src/assets/components/themes/viva-dark/theme.css

Added:   .p-menubar .p-menubar-button {

Added:   .p-menubar .p-menubar-button:hover {

Added:   .p-menubar .p-menubar-button:focus {

-------------------
Commit: 034908058
Date: 2023-01-27 11:24:00 +0300
Message: Add viva light

Class Changes:
File: src/assets/components/themes/viva-light/theme.css

Added:   .p-menubar .p-menubar-button {

Added:   .p-menubar .p-menubar-button:hover {

Added:   .p-menubar .p-menubar-button:focus {

-------------------
Commit: 17a83c00d
Date: 2023-01-27 11:23:44 +0300
Message: Add soho dark

Class Changes:
File: src/assets/components/themes/soho-dark/theme.css

Added:   .p-menubar .p-menubar-button {

Added:   .p-menubar .p-menubar-button:hover {

Added:   .p-menubar .p-menubar-button:focus {

-------------------
Commit: d5bef9a01
Date: 2023-01-27 11:22:55 +0300
Message: Add soho light

Class Changes:
File: src/assets/components/themes/soho-light/theme.css

Added:   .p-menubar .p-menubar-button {

Added:   .p-menubar .p-menubar-button:hover {

Added:   .p-menubar .p-menubar-button:focus {

-------------------
Commit: 02b694b86
Date: 2022-11-09 10:08:22 +0300
Message: Refactor on menubar

Class Changes:
File: src/app/components/menubar/menubar.ts

Removed: <a #menubutton tabindex="0" *ngIf="model.length > 0" class="p-menubar-button" (click)="toggle($event)">
Added:   <a #menubutton tabindex="0" *ngIf="model && model.length > 0" class="p-menubar-button" (click)="toggle($event)">

-------------------
Commit: fb5586646
Date: 2022-11-08 17:19:01 +0300
Message: Merge master into issue-11902

Class Changes:
File: src/app/components/menubar/menubar.ts

Potential Class Replacements:
Removed: p-menubar-root-list
Added:   p-menubar-mobile-active
Similarity: 50%

Removed: p-menubar-mobile-active
Added:   p-menubar-root-list
Similarity: 50%

Removed: <a #menubutton tabindex="0" class="p-menubar-button" (click)="toggle($event)">
Added:   <a #menubutton tabindex="0" *ngIf="model.length > 0" class="p-menubar-button" (click)="toggle($event)">

-------------------
Commit: 3384b9f38
Date: 2022-11-02 17:40:14 +0300
Message: #12084 Menu icon visible

Class Changes:
File: src/app/components/menubar/menubar.ts

Removed: <a #menubutton tabindex="0" class="p-menubar-button" (click)="toggle($event)">
Added:   <a #menubutton tabindex="0" *ngIf="model.length > 0" class="p-menubar-button" (click)="toggle($event)">

-------------------
Commit: ad7d4900e
Date: 2021-09-17 16:17:57 +0300
Message: Fixed #10629 Tailwind Theme

Class Changes:
File: src/assets/components/themes/tailwind-light/theme.css

Added:   .p-menubar .p-menubar-button {

Added:   .p-menubar .p-menubar-button:hover {

Added:   .p-menubar .p-menubar-button:focus {

-------------------
Commit: 0ae6df1d6
Date: 2020-10-07 22:54:28 +0300
Message: Theme update: Remove fluent dark, cosmetics on config

Class Changes:
File: /dev/null

Removed: .p-menubar .p-menubar-button {

Removed: .p-menubar .p-menubar-button:hover {

Removed: .p-menubar .p-menubar-button:focus {

-------------------
Commit: 8767588b5
Date: 2020-10-07 17:19:17 +0300
Message: Theme Update: Adds Fluent and soho themes and plain support for outlined buttons

Class Changes:
File: src/assets/components/themes/fluent-dark/theme.css

Added:   .p-menubar .p-menubar-button {

Added:   .p-menubar .p-menubar-button:hover {

Added:   .p-menubar .p-menubar-button:focus {

-------------------
Commit: 3642a0b89
Date: 2020-08-14 12:24:14 +0300
Message: Fixed #9127 - Menubar not working on mobile devices

Class Changes:
File: src/app/components/menubar/menubar.ts

Potential Class Replacements:
Removed: p-menubar-root-list
Added:   p-menubar-mobile-active
Similarity: 50%

Added:   <a #menubutton tabindex="0" class="p-menubar-button" (click)="toggle($event)">

-------------------
Commit: 6bc112970
Date: 2020-07-20 18:24:40 +0300
Message: Removed old gen themes

Class Changes:
File: /dev/null

Removed: .p-menubar .p-menubar-button {

Removed: .p-menubar .p-menubar-button:hover {

Removed: .p-menubar .p-menubar-button:focus {

-------------------
Commit: c5f3d87e3
Date: 2020-07-16 13:56:07 +0300
Message: Migrated menus to primeone

Class Changes:
File: src/app/components/menubar/menubar.css

Added:   .p-menubar-button {

-------------------
Commit: d898efc59
Date: 2020-07-16 10:02:56 +0300
Message: New saga theme

Class Changes:
File: src/assets/components/themes/saga-blue/theme.css

Added:   .p-menubar .p-menubar-button {

Added:   .p-menubar .p-menubar-button:hover {

Added:   .p-menubar .p-menubar-button:focus {


============================
CHANGE PATTERN SUMMARY
============================


============================
POTENTIAL CLASS REPLACEMENTS
============================

p-menubar-custom -> p-menubar-start (67% confidence)
Found in 1 commits:
- c953a33c1: Theming | Menubar (2024-07-22 14:12:31 +0300)

p-menubar-custom -> p-menubar-submenu (67% confidence)
Found in 1 commits:
- c953a33c1: Theming | Menubar (2024-07-22 14:12:31 +0300)

p-menubar-custom -> p-menubar-item (67% confidence)
Found in 1 commits:
- c953a33c1: Theming | Menubar (2024-07-22 14:12:31 +0300)

p-menubar-custom -> p-menubar-separator (67% confidence)
Found in 1 commits:
- c953a33c1: Theming | Menubar (2024-07-22 14:12:31 +0300)

p-menubar-custom -> p-menubar-end (67% confidence)
Found in 2 commits:
- c953a33c1: Theming | Menubar (2024-07-22 14:12:31 +0300)
- 833d4ff08: Refactor #13737 (2023-09-25 22:58:44 +0300)

p-menubar-custom -> p-menubar-mobile (67% confidence)
Found in 1 commits:
- c953a33c1: Theming | Menubar (2024-07-22 14:12:31 +0300)

p-menubar-end -> p-menubar-start (67% confidence)
Found in 1 commits:
- c953a33c1: Theming | Menubar (2024-07-22 14:12:31 +0300)

p-menubar-end -> p-menubar-submenu (67% confidence)
Found in 1 commits:
- c953a33c1: Theming | Menubar (2024-07-22 14:12:31 +0300)

p-menubar-end -> p-menubar-item (67% confidence)
Found in 1 commits:
- c953a33c1: Theming | Menubar (2024-07-22 14:12:31 +0300)

p-menubar-end -> p-menubar-separator (67% confidence)
Found in 1 commits:
- c953a33c1: Theming | Menubar (2024-07-22 14:12:31 +0300)

p-menubar-end -> p-menubar-mobile (67% confidence)
Found in 1 commits:
- c953a33c1: Theming | Menubar (2024-07-22 14:12:31 +0300)

p-menubar-end -> p-menubar-custom (67% confidence)
Found in 1 commits:
- 833d4ff08: Refactor #13737 (2023-09-25 22:58:44 +0300)

p-menubar-root-list -> p-menubar-start (50% confidence)
Found in 1 commits:
- c953a33c1: Theming | Menubar (2024-07-22 14:12:31 +0300)

p-menubar-root-list -> p-menubar-submenu (50% confidence)
Found in 1 commits:
- c953a33c1: Theming | Menubar (2024-07-22 14:12:31 +0300)

p-menubar-root-list -> p-menubar-item (50% confidence)
Found in 1 commits:
- c953a33c1: Theming | Menubar (2024-07-22 14:12:31 +0300)

p-menubar-root-list -> p-menubar-item-content (50% confidence)
Found in 1 commits:
- c953a33c1: Theming | Menubar (2024-07-22 14:12:31 +0300)

p-menubar-root-list -> p-menubar-item-link (50% confidence)
Found in 1 commits:
- c953a33c1: Theming | Menubar (2024-07-22 14:12:31 +0300)

p-menubar-root-list -> p-menubar-item-label (50% confidence)
Found in 1 commits:
- c953a33c1: Theming | Menubar (2024-07-22 14:12:31 +0300)

p-menubar-root-list -> p-menubar-item-icon (50% confidence)
Found in 1 commits:
- c953a33c1: Theming | Menubar (2024-07-22 14:12:31 +0300)

p-menubar-root-list -> p-menubar-submenu-icon (50% confidence)
Found in 1 commits:
- c953a33c1: Theming | Menubar (2024-07-22 14:12:31 +0300)

p-menubar-root-list -> p-menubar-item-active (50% confidence)
Found in 1 commits:
- c953a33c1: Theming | Menubar (2024-07-22 14:12:31 +0300)

p-menubar-root-list -> p-menubar-separator (50% confidence)
Found in 1 commits:
- c953a33c1: Theming | Menubar (2024-07-22 14:12:31 +0300)

p-menubar-root-list -> p-menubar-end (50% confidence)
Found in 2 commits:
- c953a33c1: Theming | Menubar (2024-07-22 14:12:31 +0300)
- 833d4ff08: Refactor #13737 (2023-09-25 22:58:44 +0300)

p-menubar-root-list -> p-menubar-mobile (50% confidence)
Found in 1 commits:
- c953a33c1: Theming | Menubar (2024-07-22 14:12:31 +0300)

p-menubar-root-list -> p-menubar-mobile-active (50% confidence)
Found in 6 commits:
- c953a33c1: Theming | Menubar (2024-07-22 14:12:31 +0300)
- 9cf766386: Calendar | Update styles for accessibility (2023-11-09 13:54:56 +0300)
- 93e002269: #13990 for Calendar (2023-11-09 13:19:11 +0300)
- ...and 3 more

p-menubar-custom -> p-menubar-root-list (50% confidence)
Found in 2 commits:
- c953a33c1: Theming | Menubar (2024-07-22 14:12:31 +0300)
- 833d4ff08: Refactor #13737 (2023-09-25 22:58:44 +0300)

p-menubar-custom -> p-menubar-item-content (50% confidence)
Found in 1 commits:
- c953a33c1: Theming | Menubar (2024-07-22 14:12:31 +0300)

p-menubar-custom -> p-menubar-item-link (50% confidence)
Found in 1 commits:
- c953a33c1: Theming | Menubar (2024-07-22 14:12:31 +0300)

p-menubar-custom -> p-menubar-item-label (50% confidence)
Found in 1 commits:
- c953a33c1: Theming | Menubar (2024-07-22 14:12:31 +0300)

p-menubar-custom -> p-menubar-item-icon (50% confidence)
Found in 1 commits:
- c953a33c1: Theming | Menubar (2024-07-22 14:12:31 +0300)

p-menubar-custom -> p-menubar-submenu-icon (50% confidence)
Found in 1 commits:
- c953a33c1: Theming | Menubar (2024-07-22 14:12:31 +0300)

p-menubar-custom -> p-menubar-item-active (50% confidence)
Found in 1 commits:
- c953a33c1: Theming | Menubar (2024-07-22 14:12:31 +0300)

p-menubar-custom -> p-menubar-mobile-active (50% confidence)
Found in 1 commits:
- c953a33c1: Theming | Menubar (2024-07-22 14:12:31 +0300)

p-menubar-end -> p-menubar-root-list (50% confidence)
Found in 2 commits:
- c953a33c1: Theming | Menubar (2024-07-22 14:12:31 +0300)
- 833d4ff08: Refactor #13737 (2023-09-25 22:58:44 +0300)

p-menubar-end -> p-menubar-item-content (50% confidence)
Found in 1 commits:
- c953a33c1: Theming | Menubar (2024-07-22 14:12:31 +0300)

p-menubar-end -> p-menubar-item-link (50% confidence)
Found in 1 commits:
- c953a33c1: Theming | Menubar (2024-07-22 14:12:31 +0300)

p-menubar-end -> p-menubar-item-label (50% confidence)
Found in 1 commits:
- c953a33c1: Theming | Menubar (2024-07-22 14:12:31 +0300)

p-menubar-end -> p-menubar-item-icon (50% confidence)
Found in 1 commits:
- c953a33c1: Theming | Menubar (2024-07-22 14:12:31 +0300)

p-menubar-end -> p-menubar-submenu-icon (50% confidence)
Found in 1 commits:
- c953a33c1: Theming | Menubar (2024-07-22 14:12:31 +0300)

p-menubar-end -> p-menubar-item-active (50% confidence)
Found in 1 commits:
- c953a33c1: Theming | Menubar (2024-07-22 14:12:31 +0300)

p-menubar-end -> p-menubar-mobile-active (50% confidence)
Found in 1 commits:
- c953a33c1: Theming | Menubar (2024-07-22 14:12:31 +0300)

p-menubar-mobile-active -> p-menubar-root-list (50% confidence)
Found in 4 commits:
- 9cf766386: Calendar | Update styles for accessibility (2023-11-09 13:54:56 +0300)
- 93e002269: #13990 for Calendar (2023-11-09 13:19:11 +0300)
- 2b5b33361: Accessibility | Menubar (2023-07-05 04:16:40 +0300)
- ...and 1 more

p-menubar-root-list -> p-menubar-custom (50% confidence)
Found in 1 commits:
- 833d4ff08: Refactor #13737 (2023-09-25 22:58:44 +0300)

